3<00:00, 17.49it/s]2020-10-20 17:18:57.177298: I tensorflow/core/common_runtime/gpu/gpu_device.cc:1640] Found device 0 with properties: 
name: Tesla V100-PCIE-16GB major: 7 minor: 0 memoryClockRate(GHz): 1.38
pciBusID: 0000:3b:00.0
2020-10-20 17:18:57.177392: I tensorflow/stream_executor/platform/default/dso_loader.cc:42] Successfully opened dynamic library libcudart.so.10.1
2020-10-20 17:18:57.177412: I tensorflow/stream_executor/platform/default/dso_loader.cc:42] Successfully opened dynamic library libcublas.so.10
2020-10-20 17:18:57.177435: I tensorflow/stream_executor/platform/default/dso_loader.cc:42] Successfully opened dynamic library libcufft.so.10
2020-10-20 17:18:57.177451: I tensorflow/stream_executor/platform/default/dso_loader.cc:42] Successfully opened dynamic library libcurand.so.10
2020-10-20 17:18:57.177466: I tensorflow/stream_executor/platform/default/dso_loader.cc:42] Successfully opened dynamic library libcusolver.so.10
2020-10-20 17:18:57.177483: I tensorflow/stream_executor/platform/default/dso_loader.cc:42] Successfully opened dynamic library libcusparse.so.10
2020-10-20 17:18:57.177499: I tensorflow/stream_executor/platform/default/dso_loader.cc:42] Successfully opened dynamic library libcudnn.so.7
2020-10-20 17:18:57.178055: I tensorflow/core/common_runtime/gpu/gpu_device.cc:1763] Adding visible gpu devices: 0
2020-10-20 17:18:57.178110: I tensorflow/core/common_runtime/gpu/gpu_device.cc:1181] Device interconnect StreamExecutor with strength 1 edge matrix:
2020-10-20 17:18:57.178119: I tensorflow/core/common_runtime/gpu/gpu_device.cc:1187]      0 
2020-10-20 17:18:57.178125: I tensorflow/core/common_runtime/gpu/gpu_device.cc:1200] 0:   N 
2020-10-20 17:18:57.178682: I tensorflow/core/common_runtime/gpu/gpu_device.cc:1326] Created TensorFlow device (/job:localhost/replica:0/task:0/device:GPU:0 with 15051 MB memory) -> physical GPU (device: 0, name: Tesla V100-PCIE-16GB, pci bus id: 0000:3b:00.0, compute capability: 7.0)
2020-10-20 17:19:00.692645: I tensorflow/core/common_runtime/gpu/gpu_device.cc:1640] Found device 0 with properties: 
name: Tesla V100-PCIE-16GB major: 7 minor: 0 memoryClockRate(GHz): 1.38
pciBusID: 0000:3b:00.0
2020-10-20 17:19:00.692780: I tensorflow/stream_executor/platform/default/dso_loader.cc:42] Successfully opened dynamic library libcudart.so.10.1
2020-10-20 17:19:00.692805: I tensorflow/stream_executor/platform/default/dso_loader.cc:42] Successfully opened dynamic library libcublas.so.10
2020-10-20 17:19:00.692824: I tensorflow/stream_executor/platform/default/dso_loader.cc:42] Successfully opened dynamic library libcufft.so.10
2020-10-20 17:19:00.692851: I tensorflow/stream_executor/platform/default/dso_loader.cc:42] Successfully opened dynamic library libcurand.so.10
2020-10-20 17:19:00.692871: I tensorflow/stream_executor/platform/default/dso_loader.cc:42] Successfully opened dynamic library libcusolver.so.10
2020-10-20 17:19:00.692889: I tensorflow/stream_executor/platform/default/dso_loader.cc:42] Successfully opened dynamic library libcusparse.so.10
2020-10-20 17:19:00.692915: I tensorflow/stream_executor/platform/default/dso_loader.cc:42] Successfully opened dynamic library libcudnn.so.7
2020-10-20 17:19:00.693811: I tensorflow/core/common_runtime/gpu/gpu_device.cc:1763] Adding visible gpu devices: 0
2020-10-20 17:19:00.693868: I tensorflow/core/common_runtime/gpu/gpu_device.cc:1181] Device interconnect StreamExecutor with strength 1 edge matrix:
2020-10-20 17:19:00.693883: I tensorflow/core/common_runtime/gpu/gpu_device.cc:1187]      0 
2020-10-20 17:19:00.693895: I tensorflow/core/common_runtime/gpu/gpu_device.cc:1200] 0:   N 
2020-10-20 17:19:00.694801: I tensorflow/core/common_runtime/gpu/gpu_device.cc:1326] Created TensorFlow device (/job:localhost/replica:0/task:0/device:GPU:0 with 15051 MB memory) -> physical GPU (device: 0, name: Tesla V100-PCIE-16GB, pci bus id: 0000:3b:00.0, compute capability: 7.0)


  0%|          | 0/766 [00:00<?, ?it/s]
  0%|          | 1/766 [00:02<29:22,  2.30s/it]
  0%|          | 3/766 [00:02<20:43,  1.63s/it]
  1%|          | 6/766 [00:02<14:37,  1.15s/it]
  1%|          | 9/766 [00:02<10:21,  1.22it/s]
  1%|▏         | 11/766 [00:02<07:35,  1.66it/s]
  2%|▏         | 13/766 [00:03<05:39,  2.22it/s]
  2%|▏         | 15/766 [00:03<04:15,  2.94it/s]
  2%|▏         | 18/766 [00:03<03:07,  3.99it/s]
  3%|▎         | 21/766 [00:03<02:20,  5.31it/s]
  3%|▎         | 24/766 [00:03<01:48,  6.85it/s]
  4%|▎         | 27/766 [00:03<01:26,  8.51it/s]
  4%|▍         | 30/766 [00:03<01:11, 10.35it/s]
  4%|▍         | 33/766 [00:04<00:58, 12.60it/s]
  5%|▍         | 36/766 [00:04<00:50, 14.49it/s]
  5%|▌         | 39/766 [00:04<00:55, 12.99it/s]
  5%|▌         | 41/766 [00:04<00:58, 12.33it/s]
  6%|▌         | 43/766 [00:04<00:53, 13.60it/s]
  6%|▌         | 46/766 [00:04<00:46, 15.56it/s]
  6%|▋         | 49/766 [00:05<00:41, 17.41it/s]
  7%|▋         | 52/766 [00:05<00:40, 17.52it/s]
  7%|▋         | 55/766 [00:05<00:38, 18.51it/s]
  8%|▊         | 58/766 [00:05<00:38, 18.61it/s]
  8%|▊         | 61/766 [00:05<00:41, 17.01it/s]
  8%|▊         | 63/766 [00:05<00:49, 14.07it/s]
  8%|▊         | 65/766 [00:06<00:52, 13.27it/s]
  9%|▊         | 67/766 [00:06<00:49, 14.25it/s]
  9%|▉         | 69/766 [00:06<00:46, 15.10it/s]
  9%|▉         | 71/766 [00:06<00:44, 15.46it/s]
 10%|▉         | 74/766 [00:06<00:40, 17.28it/s]
 10%|█         | 77/766 [00:06<00:37, 18.34it/s]
 10%|█         | 80/766 [00:06<00:35, 19.59it/s]
 11%|█         | 83/766 [00:06<00:35, 19.51it/s]
 11%|█         | 86/766 [00:07<00:37, 17.93it/s]
 11%|█▏        | 88/766 [00:07<00:43, 15.48it/s]
 12%|█▏        | 90/766 [00:07<00:51, 13.23it/s]
 12%|█▏        | 93/766 [00:07<00:46, 14.59it/s]
 13%|█▎        | 96/766 [00:07<00:42, 15.75it/s]
 13%|█▎        | 99/766 [00:07<00:37, 17.58it/s]
 13%|█▎        | 102/766 [00:08<00:37, 17.73it/s]
 14%|█▎        | 105/766 [00:08<00:34, 19.34it/s]
 14%|█▍        | 108/766 [00:08<00:32, 20.31it/s]
 14%|█▍        | 111/766 [00:08<00:37, 17.26it/s]
 15%|█▍        | 113/766 [00:08<00:39, 16.39it/s]
 15%|█▌        | 115/766 [00:08<00:47, 13.58it/s]
 15%|█▌        | 118/766 [00:09<00:44, 14.72it/s]
 16%|█▌        | 121/766 [00:09<00:39, 16.46it/s]
 16%|█▌        | 123/766 [00:09<00:38, 16.69it/s]
 16%|█▋        | 126/766 [00:09<00:35, 18.26it/s]
 17%|█▋        | 129/766 [00:09<00:34, 18.72it/s]
 17%|█▋        | 132/766 [00:09<00:32, 19.25it/s]
 17%|█▋        | 134/766 [00:09<00:33, 18.83it/s]
 18%|█▊        | 136/766 [00:10<00:37, 16.94it/s]
 18%|█▊        | 138/766 [00:10<00:44, 13.96it/s]
 18%|█▊        | 140/766 [00:10<00:50, 12.36it/s]
 19%|█▊        | 143/766 [00:10<00:43, 14.21it/s]
 19%|█▉        | 146/766 [00:10<00:39, 15.86it/s]
 19%|█▉        | 148/766 [00:10<00:37, 16.51it/s]
 20%|█▉        | 150/766 [00:10<00:35, 17.23it/s]
 20%|█▉        | 152/766 [00:11<00:34, 17.85it/s]
 20%|██        | 155/766 [00:11<00:32, 18.97it/s]
 21%|██        | 158/766 [00:11<00:30, 19.83it/s]
 21%|██        | 161/766 [00:11<00:33, 18.09it/s]
 21%|██▏       | 163/766 [00:11<00:39, 15.09it/s]
 22%|██▏       | 165/766 [00:11<00:44, 13.54it/s]
 22%|██▏       | 168/766 [00:12<00:37, 15.82it/s]
 22%|██▏       | 171/766 [00:12<00:33, 17.90it/s]
 23%|██▎       | 174/766 [00:12<00:31, 18.87it/s]
 23%|██▎       | 177/766 [00:12<00:31, 18.82it/s]
 23%|██▎       | 180/766 [00:12<00:29, 19.92it/s]
 24%|██▍       | 183/766 [00:12<00:29, 19.85it/s]
 24%|██▍       | 186/766 [00:12<00:27, 20.78it/s]
 25%|██▍       | 189/766 [00:13<00:32, 18.03it/s]
 25%|██▍       | 191/766 [00:13<00:38, 14.95it/s]
 25%|██▌       | 193/766 [00:13<00:39, 14.49it/s]
 25%|██▌       | 195/766 [00:13<00:37, 15.29it/s]
 26%|██▌       | 198/766 [00:13<00:34, 16.51it/s]
 26%|██▌       | 201/766 [00:13<00:32, 17.22it/s]
 27%|██▋       | 204/766 [00:13<00:31, 17.90it/s]
 27%|██▋       | 206/766 [00:14<00:32, 17.13it/s]
 27%|██▋       | 208/766 [00:14<00:32, 17.39it/s]
 27%|██▋       | 210/766 [00:14<00:30, 17.95it/s]
 28%|██▊       | 212/766 [00:14<00:41, 13.42it/s]
 28%|██▊       | 214/766 [00:14<00:48, 11.39it/s]
 28%|██▊       | 216/766 [00:14<00:42, 12.85it/s]
 29%|██▊       | 219/766 [00:15<00:36, 15.06it/s]
 29%|██▉       | 222/766 [00:15<00:33, 16.37it/s]
 29%|██▉       | 224/766 [00:15<00:32, 16.45it/s]
 30%|██▉       | 226/766 [00:15<00:32, 16.72it/s]
 30%|██▉       | 228/766 [00:15<00:31, 16.96it/s]
 30%|███       | 230/766 [00:15<00:30, 17.51it/s]
 30%|███       | 233/766 [00:15<00:30, 17.76it/s]
 31%|███       | 235/766 [00:16<00:39, 13.45it/s]
 31%|███       | 237/766 [00:16<00:48, 10.93it/s]
 31%|███▏      | 240/766 [00:16<00:42, 12.45it/s]
 32%|███▏      | 242/766 [00:16<00:37, 13.82it/s]
 32%|███▏      | 244/766 [00:16<00:34, 15.12it/s]
 32%|███▏      | 247/766 [00:16<00:32, 16.09it/s]
 33%|███▎      | 249/766 [00:16<00:31, 16.40it/s]
 33%|███▎      | 252/766 [00:17<00:28, 17.77it/s]
 33%|███▎      | 255/766 [00:17<00:28, 17.96it/s]
 34%|███▎      | 257/766 [00:17<00:36, 13.92it/s]
 34%|███▍      | 259/766 [00:17<00:45, 11.07it/s]
 34%|███▍      | 262/766 [00:17<00:40, 12.42it/s]
 34%|███▍      | 264/766 [00:17<00:36, 13.80it/s]
 35%|███▍      | 267/766 [00:18<00:31, 15.68it/s]
 35%|███▌      | 269/766 [00:18<00:30, 16.50it/s]
 35%|███▌      | 271/766 [00:18<00:29, 16.97it/s]
 36%|███▌      | 273/766 [00:18<00:30, 16.32it/s]
 36%|███▌      | 275/766 [00:18<00:29, 16.66it/s]
 36%|███▌      | 277/766 [00:18<00:38, 12.84it/s]
 36%|███▋      | 279/766 [00:19<00:44, 11.00it/s]
 37%|███▋      | 281/766 [00:19<00:38, 12.59it/s]
 37%|███▋      | 283/766 [00:19<00:34, 14.05it/s]
 37%|███▋      | 285/766 [00:19<00:32, 15.02it/s]
 37%|███▋      | 287/766 [00:19<00:30, 15.87it/s]
 38%|███▊      | 289/766 [00:19<00:29, 16.03it/s]
 38%|███▊      | 292/766 [00:19<00:27, 17.30it/s]
 38%|███▊      | 294/766 [00:19<00:26, 17.58it/s]
 39%|███▉      | 297/766 [00:19<00:25, 18.59it/s]
 39%|███▉      | 299/766 [00:20<00:28, 16.21it/s]
 39%|███▉      | 301/766 [00:20<00:39, 11.77it/s]
 40%|███▉      | 303/766 [00:20<00:37, 12.46it/s]
 40%|███▉      | 305/766 [00:20<00:33, 13.63it/s]
 40%|████      | 308/766 [00:20<00:30, 15.12it/s]
 40%|████      | 310/766 [00:20<00:28, 15.75it/s]
 41%|████      | 312/766 [00:21<00:28, 15.99it/s]
 41%|████      | 314/766 [00:21<00:27, 16.19it/s]
 41%|████▏     | 317/766 [00:21<00:26, 17.11it/s]
 42%|████▏     | 319/766 [00:21<00:32, 13.82it/s]
 42%|████▏     | 321/766 [00:21<00:33, 13.15it/s]
 42%|████▏     | 323/766 [00:21<00:41, 10.72it/s]
 43%|████▎     | 326/766 [00:22<00:34, 12.63it/s]
 43%|████▎     | 328/766 [00:22<00:31, 14.03it/s]
 43%|████▎     | 331/766 [00:22<00:28, 15.28it/s]
 43%|████▎     | 333/766 [00:22<00:27, 15.95it/s]
 44%|████▍     | 336/766 [00:22<00:24, 17.36it/s]
 44%|████▍     | 338/766 [00:22<00:23, 17.84it/s]
 44%|████▍     | 340/766 [00:22<00:24, 17.55it/s]
 45%|████▍     | 342/766 [00:23<00:32, 13.09it/s]
 45%|████▍     | 344/766 [00:23<00:37, 11.26it/s]
 45%|████▌     | 347/766 [00:23<00:31, 13.16it/s]
 46%|████▌     | 349/766 [00:23<00:29, 14.30it/s]
 46%|████▌     | 352/766 [00:23<00:26, 15.58it/s]
 46%|████▌     | 354/766 [00:23<00:25, 16.03it/s]
 46%|████▋     | 356/766 [00:23<00:24, 16.67it/s]
 47%|████▋     | 359/766 [00:24<00:23, 17.48it/s]
 47%|████▋     | 361/766 [00:24<00:22, 17.65it/s]
 47%|████▋     | 363/766 [00:24<00:33, 12.20it/s]
 48%|████▊     | 365/766 [00:24<00:37, 10.78it/s]
 48%|████▊     | 367/766 [00:24<00:33, 12.08it/s]
 48%|████▊     | 369/766 [00:24<00:30, 13.09it/s]
 48%|████▊     | 371/766 [00:25<00:27, 14.57it/s]
 49%|████▉     | 374/766 [00:25<00:24, 15.91it/s]
 49%|████▉     | 376/766 [00:25<00:23, 16.43it/s]
 49%|████▉     | 378/766 [00:25<00:23, 16.60it/s]
 50%|████▉     | 380/766 [00:25<00:22, 17.46it/s]
 50%|████▉     | 382/766 [00:25<00:21, 17.52it/s]
 50%|█████     | 384/766 [00:25<00:26, 14.62it/s]
 50%|█████     | 386/766 [00:26<00:30, 12.62it/s]
 51%|█████     | 388/766 [00:26<00:33, 11.41it/s]
 51%|█████     | 390/766 [00:26<00:28, 13.00it/s]
 51%|█████     | 392/766 [00:26<00:26, 13.96it/s]
 51%|█████▏    | 394/766 [00:26<00:28, 13.19it/s]
 52%|█████▏    | 397/766 [00:26<00:25, 14.63it/s]
 52%|█████▏    | 399/766 [00:26<00:23, 15.38it/s]
 52%|█████▏    | 402/766 [00:27<00:21, 16.98it/s]
 53%|█████▎    | 405/766 [00:27<00:20, 17.79it/s]
 53%|█████▎    | 407/766 [00:27<00:22, 15.62it/s]
 53%|█████▎    | 409/766 [00:27<00:24, 14.60it/s]
 54%|█████▎    | 411/766 [00:27<00:29, 12.24it/s]
 54%|█████▍    | 414/766 [00:27<00:24, 14.26it/s]
 54%|█████▍    | 417/766 [00:28<00:22, 15.69it/s]
 55%|█████▍    | 420/766 [00:28<00:19, 17.44it/s]
 55%|█████▌    | 423/766 [00:28<00:18, 18.40it/s]
 55%|█████▌    | 425/766 [00:28<00:18, 18.34it/s]
 56%|█████▌    | 427/766 [00:28<00:18, 18.36it/s]
 56%|█████▌    | 430/766 [00:28<00:17, 18.82it/s]
 56%|█████▋    | 432/766 [00:28<00:22, 14.77it/s]
 57%|█████▋    | 434/766 [00:29<00:25, 13.13it/s]
 57%|█████▋    | 436/766 [00:29<00:24, 13.24it/s]
 57%|█████▋    | 439/766 [00:29<00:20, 15.88it/s]
 58%|█████▊    | 442/766 [00:29<00:18, 17.62it/s]
 58%|█████▊    | 445/766 [00:29<00:18, 16.91it/s]
 58%|█████▊    | 447/766 [00:29<00:18, 17.70it/s]
 59%|█████▊    | 450/766 [00:29<00:17, 18.47it/s]
 59%|█████▉    | 453/766 [00:30<00:16, 19.50it/s]
 60%|█████▉    | 456/766 [00:30<00:15, 20.08it/s]
 60%|█████▉    | 459/766 [00:30<00:19, 15.99it/s]
 60%|██████    | 461/766 [00:30<00:23, 13.25it/s]
 61%|██████    | 464/766 [00:30<00:20, 14.43it/s]
 61%|██████    | 467/766 [00:30<00:18, 16.59it/s]
 61%|██████▏   | 470/766 [00:31<00:16, 17.67it/s]
 62%|██████▏   | 473/766 [00:31<00:15, 18.69it/s]
 62%|██████▏   | 476/766 [00:31<00:15, 18.64it/s]
 62%|██████▏   | 478/766 [00:31<00:16, 17.57it/s]
 63%|██████▎   | 480/766 [00:31<00:17, 16.56it/s]
 63%|██████▎   | 482/766 [00:31<00:19, 14.56it/s]
 63%|██████▎   | 484/766 [00:32<00:23, 12.25it/s]
 63%|██████▎   | 486/766 [00:32<00:20, 13.82it/s]
 64%|██████▎   | 488/766 [00:32<00:19, 14.43it/s]
 64%|██████▍   | 491/766 [00:32<00:16, 16.40it/s]
 64%|██████▍   | 494/766 [00:32<00:15, 17.48it/s]
 65%|██████▍   | 496/766 [00:32<00:15, 17.72it/s]
 65%|██████▌   | 498/766 [00:32<00:14, 17.89it/s]
 65%|██████▌   | 500/766 [00:32<00:14, 18.04it/s]
 66%|██████▌   | 503/766 [00:33<00:14, 18.45it/s]
 66%|██████▌   | 506/766 [00:33<00:15, 16.64it/s]
 66%|██████▋   | 508/766 [00:33<00:16, 15.44it/s]
 67%|██████▋   | 510/766 [00:33<00:19, 12.81it/s]
 67%|██████▋   | 513/766 [00:33<00:17, 14.36it/s]
 67%|██████▋   | 515/766 [00:33<00:17, 14.20it/s]
 67%|██████▋   | 517/766 [00:34<00:16, 14.66it/s]
 68%|██████▊   | 519/766 [00:34<00:16, 15.09it/s]
 68%|██████▊   | 521/766 [00:34<00:16, 15.25it/s]
 68%|██████▊   | 523/766 [00:34<00:15, 15.77it/s]
 69%|██████▊   | 525/766 [00:34<00:14, 16.61it/s]
 69%|██████▉   | 527/766 [00:34<00:13, 17.31it/s]
 69%|██████▉   | 529/766 [00:34<00:16, 14.02it/s]
 69%|██████▉   | 531/766 [00:35<00:18, 13.04it/s]
 70%|██████▉   | 533/766 [00:35<00:18, 12.84it/s]
 70%|██████▉   | 536/766 [00:35<00:15, 14.53it/s]
 70%|███████   | 539/766 [00:35<00:14, 16.08it/s]
 71%|███████   | 542/766 [00:35<00:12, 18.04it/s]
 71%|███████   | 545/766 [00:35<00:11, 18.98it/s]
 72%|███████▏  | 548/766 [00:35<00:10, 20.11it/s]
 72%|███████▏  | 551/766 [00:35<00:10, 21.42it/s]
 72%|███████▏  | 554/766 [00:36<00:09, 21.68it/s]
 73%|███████▎  | 557/766 [00:36<00:11, 17.64it/s]
 73%|███████▎  | 559/766 [00:36<00:14, 14.30it/s]
 73%|███████▎  | 561/766 [00:36<00:13, 14.87it/s]
 74%|███████▎  | 564/766 [00:36<00:11, 17.37it/s]
 74%|███████▍  | 567/766 [00:36<00:10, 18.66it/s]
 74%|███████▍  | 570/766 [00:37<00:09, 20.29it/s]
 75%|███████▍  | 573/766 [00:37<00:09, 20.65it/s]
 75%|███████▌  | 576/766 [00:37<00:09, 20.56it/s]
 76%|███████▌  | 579/766 [00:37<00:08, 21.63it/s]
 76%|███████▌  | 582/766 [00:37<00:09, 19.37it/s]
 76%|███████▋  | 585/766 [00:37<00:11, 15.85it/s]
 77%|███████▋  | 587/766 [00:38<00:12, 14.25it/s]
 77%|███████▋  | 589/766 [00:38<00:11, 15.50it/s]
 77%|███████▋  | 592/766 [00:38<00:09, 17.89it/s]
 78%|███████▊  | 595/766 [00:38<00:08, 19.53it/s]
 78%|███████▊  | 598/766 [00:38<00:08, 19.66it/s]
 78%|███████▊  | 601/766 [00:38<00:08, 19.11it/s]
 79%|███████▉  | 604/766 [00:38<00:08, 18.92it/s]
 79%|███████▉  | 606/766 [00:38<00:08, 18.84it/s]
 79%|███████▉  | 608/766 [00:39<00:09, 16.30it/s]
 80%|███████▉  | 610/766 [00:39<00:14, 10.70it/s]
 80%|███████▉  | 612/766 [00:39<00:12, 12.19it/s]
 80%|████████  | 615/766 [00:39<00:10, 14.12it/s]
 81%|████████  | 618/766 [00:39<00:09, 16.07it/s]
 81%|████████  | 621/766 [00:39<00:08, 17.53it/s]
 81%|████████▏ | 624/766 [00:40<00:07, 18.82it/s]
 82%|████████▏ | 627/766 [00:40<00:06, 20.97it/s]
 82%|████████▏ | 630/766 [00:40<00:06, 22.19it/s]
 83%|████████▎ | 633/766 [00:40<00:05, 22.90it/s]
 83%|████████▎ | 636/766 [00:40<00:06, 18.62it/s]
 83%|████████▎ | 639/766 [00:40<00:08, 15.59it/s]
 84%|████████▎ | 641/766 [00:41<00:07, 16.42it/s]
 84%|████████▍ | 644/766 [00:41<00:06, 18.15it/s]
 84%|████████▍ | 646/766 [00:41<00:06, 17.79it/s]
 85%|████████▍ | 648/766 [00:41<00:06, 18.12it/s]
 85%|████████▍ | 651/766 [00:41<00:06, 18.92it/s]
 85%|████████▌ | 653/766 [00:41<00:06, 18.23it/s]
 86%|████████▌ | 655/766 [00:41<00:06, 18.32it/s]
 86%|████████▌ | 658/766 [00:41<00:05, 19.50it/s]
 86%|████████▌ | 660/766 [00:42<00:06, 16.11it/s]
 86%|████████▋ | 662/766 [00:42<00:07, 13.33it/s]
 87%|████████▋ | 664/766 [00:42<00:07, 13.23it/s]
 87%|████████▋ | 666/766 [00:42<00:07, 13.98it/s]
 87%|████████▋ | 668/766 [00:42<00:06, 15.26it/s]
 88%|████████▊ | 671/766 [00:42<00:05, 16.46it/s]
 88%|████████▊ | 673/766 [00:42<00:05, 16.73it/s]
 88%|████████▊ | 676/766 [00:43<00:05, 17.76it/s]
 89%|████████▊ | 679/766 [00:43<00:04, 18.68it/s]
 89%|████████▉ | 681/766 [00:43<00:06, 13.46it/s]
 89%|████████▉ | 683/766 [00:43<00:07, 10.84it/s]
 89%|████████▉ | 685/766 [00:43<00:06, 12.01it/s]
 90%|████████▉ | 687/766 [00:43<00:05, 13.23it/s]
 90%|████████▉ | 689/766 [00:44<00:05, 14.10it/s]
 90%|█████████ | 692/766 [00:44<00:04, 15.83it/s]
 91%|█████████ | 695/766 [00:44<00:04, 17.53it/s]
 91%|█████████ | 698/766 [00:44<00:03, 18.46it/s]
 91%|█████████▏| 700/766 [00:44<00:03, 18.56it/s]
 92%|█████████▏| 702/766 [00:44<00:04, 14.51it/s]
 92%|█████████▏| 704/766 [00:44<00:04, 14.12it/s]
 92%|█████████▏| 706/766 [00:45<00:04, 12.17it/s]
 93%|█████████▎| 709/766 [00:45<00:04, 13.96it/s]
 93%|█████████▎| 712/766 [00:45<00:03, 15.89it/s]
 93%|█████████▎| 714/766 [00:45<00:03, 16.75it/s]
 93%|█████████▎| 716/766 [00:45<00:03, 14.94it/s]
 94%|█████████▎| 718/766 [00:45<00:03, 13.85it/s]
 94%|█████████▍| 721/766 [00:46<00:02, 15.41it/s]
 94%|█████████▍| 723/766 [00:46<00:02, 16.02it/s]
 95%|█████████▍| 725/766 [00:46<00:02, 14.79it/s]
 95%|█████████▍| 727/766 [00:46<00:03, 12.91it/s]
 95%|█████████▌| 729/766 [00:46<00:03, 11.27it/s]
 96%|█████████▌| 732/766 [00:46<00:02, 13.37it/s]
 96%|█████████▌| 735/766 [00:47<00:01, 15.55it/s]
 96%|█████████▌| 737/766 [00:47<00:01, 16.60it/s]
 97%|█████████▋| 740/766 [00:47<00:01, 17.87it/s]
 97%|█████████▋| 743/766 [00:47<00:01, 17.83it/s]
 97%|█████████▋| 746/766 [00:47<00:01, 18.36it/s]
 98%|█████████▊| 748/766 [00:47<00:01, 15.30it/s]
 98%|█████████▊| 750/766 [00:47<00:01, 12.19it/s]
 98%|█████████▊| 752/766 [00:48<00:01, 11.63it/s]
 99%|█████████▊| 755/766 [00:48<00:00, 13.58it/s]
 99%|█████████▉| 757/766 [00:48<00:00, 14.80it/s]
 99%|█████████▉| 760/766 [00:48<00:00, 16.20it/s]
100%|█████████▉| 763/766 [00:48<00:00, 17.83it/s]
100%|█████████▉| 765/766 [00:48<00:00, 18.10it/s]
100%|██████████| 766/766 [00:48<00:00, 15.68it/s]

  0%|          | 0/766 [00:00<?, ?it/s]
  0%|          | 2/766 [00:00<00:51, 14.92it/s]
  1%|          | 4/766 [00:00<00:49, 15.32it/s]
  1%|          | 6/766 [00:00<00:53, 14.10it/s]
  1%|          | 8/766 [00:00<00:58, 13.04it/s]
  1%|          | 9/766 [00:00<01:04, 11.78it/s]
  2%|▏         | 12/766 [00:00<00:55, 13.59it/s]
  2%|▏         | 15/766 [00:00<00:48, 15.41it/s]
  2%|▏         | 18/766 [00:01<00:45, 16.43it/s]
  3%|▎         | 21/766 [00:01<00:41, 17.86it/s]
  3%|▎         | 23/766 [00:01<00:41, 17.81it/s]
  3%|▎         | 25/766 [00:01<00:41, 18.00it/s]
  4%|▎         | 28/766 [00:01<00:38, 18.98it/s]
  4%|▍         | 30/766 [00:01<00:47, 15.36it/s]
  4%|▍         | 32/766 [00:02<00:53, 13.74it/s]
  4%|▍         | 34/766 [00:02<00:56, 12.98it/s]
  5%|▍         | 37/766 [00:02<00:48, 15.06it/s]
  5%|▌         | 39/766 [00:02<00:44, 16.26it/s]
  5%|▌         | 42/766 [00:02<00:40, 17.85it/s]
  6%|▌         | 45/766 [00:02<00:38, 18.66it/s]
  6%|▋         | 48/766 [00:02<00:36, 19.46it/s]
  7%|▋         | 51/766 [00:02<00:35, 20.21it/s]
  7%|▋         | 54/766 [00:03<00:41, 17.29it/s]
  7%|▋         | 56/766 [00:03<00:50, 14.17it/s]
  8%|▊         | 58/766 [00:03<00:55, 12.82it/s]
  8%|▊         | 61/766 [00:03<00:46, 15.05it/s]
  8%|▊         | 63/766 [00:03<00:44, 15.74it/s]
  8%|▊         | 65/766 [00:03<00:42, 16.40it/s]
  9%|▊         | 67/766 [00:04<00:40, 17.24it/s]
  9%|▉         | 70/766 [00:04<00:38, 17.96it/s]
 10%|▉         | 73/766 [00:04<00:36, 19.21it/s]
 10%|▉         | 76/766 [00:04<00:33, 20.69it/s]
 10%|█         | 79/766 [00:04<00:36, 18.86it/s]
 11%|█         | 81/766 [00:04<00:46, 14.72it/s]
 11%|█         | 83/766 [00:05<00:52, 12.98it/s]
 11%|█         | 85/766 [00:05<00:46, 14.50it/s]
 11%|█▏        | 87/766 [00:05<00:45, 14.83it/s]
 12%|█▏        | 89/766 [00:05<00:43, 15.56it/s]
 12%|█▏        | 91/766 [00:05<00:41, 16.31it/s]
 12%|█▏        | 93/766 [00:05<00:40, 16.43it/s]
 12%|█▏        | 95/766 [00:05<00:39, 17.05it/s]
 13%|█▎        | 98/766 [00:05<00:36, 18.21it/s]
 13%|█▎        | 100/766 [00:05<00:35, 18.54it/s]
 13%|█▎        | 102/766 [00:06<00:36, 18.36it/s]
 14%|█▎        | 104/766 [00:06<00:42, 15.58it/s]
 14%|█▍        | 106/766 [00:06<00:57, 11.42it/s]
 14%|█▍        | 108/766 [00:06<00:53, 12.27it/s]
 14%|█▍        | 110/766 [00:06<00:47, 13.75it/s]
 15%|█▍        | 112/766 [00:06<00:47, 13.69it/s]
 15%|█▍        | 114/766 [00:07<00:44, 14.50it/s]
 15%|█▌        | 116/766 [00:07<00:49, 13.02it/s]
 15%|█▌        | 118/766 [00:07<00:47, 13.62it/s]
 16%|█▌        | 121/766 [00:07<00:42, 15.01it/s]
 16%|█▌        | 123/766 [00:07<00:43, 14.80it/s]
 16%|█▋        | 125/766 [00:07<00:51, 12.37it/s]
 17%|█▋        | 127/766 [00:08<00:58, 10.86it/s]
 17%|█▋        | 129/766 [00:08<00:54, 11.79it/s]
 17%|█▋        | 131/766 [00:08<00:51, 12.29it/s]
 17%|█▋        | 133/766 [00:08<00:46, 13.67it/s]
 18%|█▊        | 135/766 [00:08<00:45, 13.93it/s]
 18%|█▊        | 137/766 [00:08<00:41, 15.14it/s]
 18%|█▊        | 140/766 [00:08<00:38, 16.27it/s]
 19%|█▊        | 143/766 [00:09<00:36, 17.29it/s]
 19%|█▉        | 145/766 [00:09<00:40, 15.31it/s]
 19%|█▉        | 147/766 [00:09<00:53, 11.62it/s]
 19%|█▉        | 149/766 [00:09<00:51, 12.06it/s]
 20%|█▉        | 152/766 [00:09<00:42, 14.30it/s]
 20%|██        | 155/766 [00:09<00:38, 15.85it/s]
 20%|██        | 157/766 [00:09<00:36, 16.73it/s]
 21%|██        | 159/766 [00:10<00:34, 17.48it/s]
 21%|██        | 162/766 [00:10<00:33, 18.07it/s]
 21%|██▏       | 164/766 [00:10<00:32, 18.48it/s]
 22%|██▏       | 166/766 [00:10<00:32, 18.23it/s]
 22%|██▏       | 168/766 [00:10<00:33, 17.98it/s]
 22%|██▏       | 170/766 [00:10<00:41, 14.36it/s]
 22%|██▏       | 172/766 [00:10<00:49, 12.08it/s]
 23%|██▎       | 174/766 [00:11<00:45, 13.00it/s]
 23%|██▎       | 176/766 [00:11<00:42, 14.01it/s]
 23%|██▎       | 178/766 [00:11<00:38, 15.29it/s]
 23%|██▎       | 180/766 [00:11<00:39, 14.83it/s]
 24%|██▍       | 183/766 [00:11<00:35, 16.20it/s]
 24%|██▍       | 185/766 [00:11<00:34, 16.95it/s]
 25%|██▍       | 188/766 [00:11<00:32, 17.56it/s]
 25%|██▍       | 190/766 [00:12<00:37, 15.29it/s]
 25%|██▌       | 192/766 [00:12<00:49, 11.69it/s]
 25%|██▌       | 194/766 [00:12<00:46, 12.18it/s]
 26%|██▌       | 196/766 [00:12<00:41, 13.66it/s]
 26%|██▌       | 199/766 [00:12<00:38, 14.88it/s]
 26%|██▌       | 201/766 [00:12<00:35, 15.89it/s]
 27%|██▋       | 204/766 [00:13<00:35, 15.97it/s]
 27%|██▋       | 206/766 [00:13<00:33, 16.72it/s]
 27%|██▋       | 208/766 [00:13<00:32, 17.24it/s]
 27%|██▋       | 210/766 [00:13<00:31, 17.53it/s]
 28%|██▊       | 212/766 [00:13<00:38, 14.40it/s]
 28%|██▊       | 214/766 [00:13<00:49, 11.09it/s]
 28%|██▊       | 216/766 [00:13<00:46, 11.84it/s]
 28%|██▊       | 218/766 [00:14<00:42, 13.03it/s]
 29%|██▊       | 220/766 [00:14<00:38, 14.05it/s]
 29%|██▉       | 222/766 [00:14<00:36, 14.90it/s]
 29%|██▉       | 224/766 [00:14<00:33, 16.11it/s]
 30%|██▉       | 226/766 [00:14<00:32, 16.50it/s]
 30%|██▉       | 228/766 [00:14<00:31, 16.90it/s]
 30%|███       | 230/766 [00:14<00:31, 16.86it/s]
 30%|███       | 232/766 [00:14<00:38, 13.70it/s]
 31%|███       | 234/766 [00:15<00:44, 12.03it/s]
 31%|███       | 236/766 [00:15<00:49, 10.74it/s]
 31%|███       | 239/766 [00:15<00:42, 12.48it/s]
 31%|███▏      | 241/766 [00:15<00:38, 13.68it/s]
 32%|███▏      | 243/766 [00:15<00:35, 14.53it/s]
 32%|███▏      | 246/766 [00:15<00:32, 16.13it/s]
 32%|███▏      | 248/766 [00:16<00:32, 15.87it/s]
 33%|███▎      | 251/766 [00:16<00:31, 16.41it/s]
 33%|███▎      | 253/766 [00:16<00:34, 14.87it/s]
 33%|███▎      | 255/766 [00:16<00:36, 14.10it/s]
 34%|███▎      | 257/766 [00:16<00:46, 10.83it/s]
 34%|███▍      | 260/766 [00:16<00:39, 12.97it/s]
 34%|███▍      | 263/766 [00:17<00:33, 15.14it/s]
 35%|███▍      | 266/766 [00:17<00:31, 16.06it/s]
 35%|███▍      | 268/766 [00:17<00:29, 16.80it/s]
 35%|███▌      | 270/766 [00:17<00:28, 17.18it/s]
 36%|███▌      | 273/766 [00:17<00:26, 18.37it/s]
 36%|███▌      | 276/766 [00:17<00:25, 18.95it/s]
 36%|███▋      | 278/766 [00:17<00:34, 14.08it/s]
 37%|███▋      | 280/766 [00:18<00:41, 11.62it/s]
 37%|███▋      | 282/766 [00:18<00:37, 12.81it/s]
 37%|███▋      | 285/766 [00:18<00:32, 14.75it/s]
 37%|███▋      | 287/766 [00:18<00:31, 15.33it/s]
 38%|███▊      | 290/766 [00:18<00:28, 16.42it/s]
 38%|███▊      | 292/766 [00:18<00:27, 16.97it/s]
 39%|███▊      | 295/766 [00:18<00:25, 18.43it/s]
 39%|███▉      | 298/766 [00:19<00:24, 19.44it/s]
 39%|███▉      | 301/766 [00:19<00:26, 17.28it/s]
 40%|███▉      | 303/766 [00:19<00:29, 15.46it/s]
 40%|███▉      | 305/766 [00:19<00:36, 12.50it/s]
 40%|████      | 307/766 [00:19<00:33, 13.68it/s]
 40%|████      | 309/766 [00:19<00:31, 14.64it/s]
 41%|████      | 311/766 [00:20<00:29, 15.31it/s]
 41%|████      | 313/766 [00:20<00:29, 15.53it/s]
 41%|████      | 315/766 [00:20<00:27, 16.52it/s]
 42%|████▏     | 318/766 [00:20<00:25, 17.59it/s]
 42%|████▏     | 320/766 [00:20<00:24, 17.99it/s]
 42%|████▏     | 322/766 [00:20<00:24, 17.88it/s]
 42%|████▏     | 324/766 [00:20<00:29, 15.22it/s]
 43%|████▎     | 326/766 [00:21<00:35, 12.43it/s]
 43%|████▎     | 328/766 [00:21<00:34, 12.74it/s]
 43%|████▎     | 330/766 [00:21<00:31, 13.77it/s]
 43%|████▎     | 332/766 [00:21<00:29, 14.96it/s]
 44%|████▎     | 334/766 [00:21<00:27, 15.75it/s]
 44%|████▍     | 336/766 [00:21<00:26, 16.20it/s]
 44%|████▍     | 338/766 [00:21<00:29, 14.71it/s]
 44%|████▍     | 340/766 [00:21<00:26, 15.88it/s]
 45%|████▍     | 342/766 [00:22<00:26, 16.14it/s]
 45%|████▍     | 344/766 [00:22<00:28, 14.62it/s]
 45%|████▌     | 346/766 [00:22<00:38, 10.91it/s]
 45%|████▌     | 348/766 [00:22<00:37, 11.05it/s]
 46%|████▌     | 350/766 [00:22<00:32, 12.76it/s]
 46%|████▌     | 353/766 [00:22<00:27, 14.91it/s]
 46%|████▋     | 355/766 [00:22<00:25, 16.14it/s]
 47%|████▋     | 357/766 [00:23<00:24, 16.80it/s]
 47%|████▋     | 359/766 [00:23<00:23, 17.55it/s]
 47%|████▋     | 362/766 [00:23<00:22, 18.32it/s]
 48%|████▊     | 364/766 [00:23<00:21, 18.73it/s]
 48%|████▊     | 366/766 [00:23<00:30, 12.98it/s]
 48%|████▊     | 368/766 [00:23<00:34, 11.63it/s]
 48%|████▊     | 371/766 [00:24<00:29, 13.45it/s]
 49%|████▊     | 373/766 [00:24<00:26, 14.75it/s]
 49%|████▉     | 375/766 [00:24<00:25, 15.18it/s]
 49%|████▉     | 377/766 [00:24<00:25, 15.39it/s]
 49%|████▉     | 379/766 [00:24<00:24, 15.96it/s]
 50%|████▉     | 381/766 [00:24<00:23, 16.14it/s]
 50%|█████     | 383/766 [00:24<00:23, 16.64it/s]
 50%|█████     | 385/766 [00:24<00:23, 16.30it/s]
 51%|█████     | 387/766 [00:25<00:23, 16.31it/s]
 51%|█████     | 389/766 [00:25<00:21, 17.20it/s]
 51%|█████     | 391/766 [00:25<00:21, 17.17it/s]
 51%|█████▏    | 393/766 [00:25<00:21, 17.51it/s]
 52%|█████▏    | 396/766 [00:25<00:21, 17.39it/s]
 52%|█████▏    | 398/766 [00:25<00:26, 14.02it/s]
 52%|█████▏    | 400/766 [00:26<00:33, 10.85it/s]
 52%|█████▏    | 402/766 [00:26<00:35, 10.38it/s]
 53%|█████▎    | 404/766 [00:26<00:43,  8.30it/s]
 53%|█████▎    | 405/766 [00:26<00:43,  8.35it/s]
 53%|█████▎    | 406/766 [00:26<00:56,  6.41it/s]
 53%|█████▎    | 407/766 [00:27<00:51,  6.97it/s]
 53%|█████▎    | 408/766 [00:27<00:48,  7.42it/s]
 53%|█████▎    | 409/766 [00:27<00:54,  6.49it/s]
 54%|█████▎    | 410/766 [00:27<00:49,  7.21it/s]
 54%|█████▎    | 411/766 [00:27<00:46,  7.67it/s]
 54%|█████▍    | 412/766 [00:27<00:43,  8.23it/s]
 54%|█████▍    | 413/766 [00:27<00:46,  7.59it/s]
 54%|█████▍    | 414/766 [00:27<00:45,  7.67it/s]
 54%|█████▍    | 416/766 [00:28<00:42,  8.26it/s]
 54%|█████▍    | 417/766 [00:28<00:46,  7.56it/s]
 55%|█████▍    | 418/766 [00:28<00:47,  7.28it/s]
 55%|█████▍    | 419/766 [00:28<00:44,  7.74it/s]
 55%|█████▍    | 421/766 [00:28<00:45,  7.59it/s]
 55%|█████▌    | 423/766 [00:29<00:40,  8.55it/s]
 55%|█████▌    | 425/766 [00:29<00:35,  9.55it/s]
 56%|█████▌    | 427/766 [00:29<00:38,  8.88it/s]
 56%|█████▌    | 429/766 [00:29<00:32, 10.39it/s]
 56%|█████▋    | 431/766 [00:29<00:27, 12.01it/s]
 57%|█████▋    | 433/766 [00:29<00:28, 11.80it/s]
 57%|█████▋    | 435/766 [00:30<00:31, 10.51it/s]
 57%|█████▋    | 437/766 [00:30<00:33,  9.86it/s]
 57%|█████▋    | 439/766 [00:30<00:30, 10.83it/s]
 58%|█████▊    | 441/766 [00:30<00:33,  9.58it/s]
 58%|█████▊    | 443/766 [00:30<00:31, 10.28it/s]
 58%|█████▊    | 445/766 [00:31<00:33,  9.70it/s]
 58%|█████▊    | 447/766 [00:31<00:32,  9.94it/s]
 59%|█████▊    | 449/766 [00:31<00:29, 10.93it/s]
 59%|█████▉    | 451/766 [00:31<00:31,  9.89it/s]
 59%|█████▉    | 453/766 [00:31<00:29, 10.51it/s]
 59%|█████▉    | 455/766 [00:32<00:29, 10.58it/s]
 60%|█████▉    | 457/766 [00:32<00:30,  9.98it/s]
 60%|█████▉    | 459/766 [00:32<00:28, 10.80it/s]
 60%|██████    | 461/766 [00:32<00:31,  9.66it/s]
 60%|██████    | 463/766 [00:32<00:28, 10.60it/s]
 61%|██████    | 465/766 [00:33<00:29, 10.09it/s]
 61%|██████    | 467/766 [00:33<00:30,  9.69it/s]
 61%|██████    | 469/766 [00:33<00:28, 10.54it/s]
 61%|██████▏   | 471/766 [00:33<00:31,  9.48it/s]
 62%|██████▏   | 473/766 [00:33<00:28, 10.32it/s]
 62%|██████▏   | 475/766 [00:34<00:29, 10.01it/s]
 62%|██████▏   | 477/766 [00:34<00:28, 10.29it/s]
 63%|██████▎   | 480/766 [00:34<00:22, 12.62it/s]
 63%|██████▎   | 483/766 [00:34<00:20, 13.93it/s]
 63%|██████▎   | 485/766 [00:34<00:20, 13.88it/s]
 64%|██████▎   | 487/766 [00:34<00:25, 10.97it/s]
 64%|██████▍   | 489/766 [00:35<00:24, 11.14it/s]
 64%|██████▍   | 491/766 [00:35<00:28,  9.61it/s]
 64%|██████▍   | 493/766 [00:35<00:26, 10.46it/s]
 65%|██████▍   | 495/766 [00:35<00:23, 11.32it/s]
 65%|██████▍   | 497/766 [00:35<00:27,  9.87it/s]
 65%|██████▌   | 499/766 [00:36<00:25, 10.64it/s]
 65%|██████▌   | 501/766 [00:36<00:25, 10.53it/s]
 66%|██████▌   | 503/766 [00:36<00:26,  9.90it/s]
 66%|██████▌   | 505/766 [00:36<00:23, 10.94it/s]
 66%|██████▌   | 507/766 [00:36<00:26,  9.81it/s]
 66%|██████▋   | 509/766 [00:37<00:24, 10.60it/s]
 67%|██████▋   | 511/766 [00:37<00:24, 10.36it/s]
 67%|██████▋   | 513/766 [00:37<00:25,  9.91it/s]
 67%|██████▋   | 515/766 [00:37<00:23, 10.58it/s]
 67%|██████▋   | 517/766 [00:37<00:26,  9.56it/s]
 68%|██████▊   | 519/766 [00:38<00:24,  9.98it/s]
 68%|██████▊   | 521/766 [00:38<00:24,  9.86it/s]
 68%|██████▊   | 523/766 [00:38<00:24, 10.04it/s]
 69%|██████▊   | 525/766 [00:38<00:22, 10.94it/s]
 69%|██████▉   | 527/766 [00:38<00:24,  9.64it/s]
 69%|██████▉   | 529/766 [00:39<00:23, 10.21it/s]
 69%|██████▉   | 531/766 [00:39<00:23, 10.05it/s]
 70%|██████▉   | 533/766 [00:39<00:23,  9.72it/s]
 70%|██████▉   | 534/766 [00:39<00:24,  9.56it/s]
 70%|██████▉   | 535/766 [00:39<00:25,  9.00it/s]
 70%|██████▉   | 536/766 [00:39<00:26,  8.54it/s]
 70%|███████   | 538/766 [00:39<00:23,  9.78it/s]
 70%|███████   | 540/766 [00:40<00:23,  9.64it/s]
 71%|███████   | 542/766 [00:40<00:24,  9.22it/s]
 71%|███████   | 544/766 [00:40<00:21, 10.39it/s]
 71%|███████▏  | 546/766 [00:40<00:21, 10.09it/s]
 72%|███████▏  | 548/766 [00:40<00:19, 10.96it/s]
 72%|███████▏  | 550/766 [00:41<00:18, 11.81it/s]
 72%|███████▏  | 552/766 [00:41<00:21, 10.06it/s]
 72%|███████▏  | 554/766 [00:41<00:21,  9.74it/s]
 73%|███████▎  | 556/766 [00:41<00:23,  8.89it/s]
 73%|███████▎  | 558/766 [00:41<00:21,  9.87it/s]
 73%|███████▎  | 560/766 [00:42<00:19, 10.43it/s]
 73%|███████▎  | 562/766 [00:42<00:19, 10.55it/s]
 74%|███████▎  | 564/766 [00:42<00:17, 11.33it/s]
 74%|███████▍  | 566/766 [00:42<00:18, 11.09it/s]
 74%|███████▍  | 568/766 [00:42<00:20,  9.83it/s]
 74%|███████▍  | 570/766 [00:43<00:17, 11.19it/s]
 75%|███████▍  | 572/766 [00:43<00:19,  9.90it/s]
 75%|███████▍  | 574/766 [00:43<00:17, 10.76it/s]
 75%|███████▌  | 576/766 [00:43<00:18, 10.11it/s]
 75%|███████▌  | 578/766 [00:43<00:17, 10.96it/s]
 76%|███████▌  | 581/766 [00:43<00:14, 12.72it/s]
 76%|███████▌  | 583/766 [00:44<00:14, 12.80it/s]
 76%|███████▋  | 585/766 [00:44<00:17, 10.63it/s]
 77%|███████▋  | 587/766 [00:44<00:16, 10.55it/s]
 77%|███████▋  | 589/766 [00:44<00:15, 11.27it/s]
 77%|███████▋  | 591/766 [00:44<00:17,  9.97it/s]
 77%|███████▋  | 593/766 [00:45<00:15, 10.84it/s]
 78%|███████▊  | 595/766 [00:45<00:17,  9.58it/s]
 78%|███████▊  | 597/766 [00:45<00:16, 10.03it/s]
 78%|███████▊  | 599/766 [00:45<00:15, 10.96it/s]
 78%|███████▊  | 601/766 [00:45<00:17,  9.59it/s]
 79%|███████▊  | 603/766 [00:46<00:15, 10.44it/s]
 79%|███████▉  | 605/766 [00:46<00:16, 10.01it/s]
 79%|███████▉  | 607/766 [00:46<00:15, 10.00it/s]
 80%|███████▉  | 609/766 [00:46<00:14, 11.07it/s]
 80%|███████▉  | 611/766 [00:46<00:16,  9.66it/s]
 80%|████████  | 613/766 [00:47<00:15, 10.07it/s]
 80%|████████  | 615/766 [00:47<00:16,  9.14it/s]
 80%|████████  | 616/766 [00:47<00:17,  8.80it/s]
 81%|████████  | 618/766 [00:47<00:14,  9.89it/s]
 81%|████████  | 620/766 [00:47<00:16,  9.05it/s]
 81%|████████  | 622/766 [00:48<00:14,  9.85it/s]
 81%|████████▏ | 624/766 [00:48<00:14,  9.89it/s]
 82%|████████▏ | 626/766 [00:48<00:15,  9.32it/s]
 82%|████████▏ | 628/766 [00:48<00:13, 10.52it/s]
 82%|████████▏ | 630/766 [00:48<00:14,  9.59it/s]
 83%|████████▎ | 632/766 [00:49<00:12, 10.45it/s]
 83%|████████▎ | 634/766 [00:49<00:13, 10.11it/s]
 83%|████████▎ | 636/766 [00:49<00:13,  9.81it/s]
 83%|████████▎ | 638/766 [00:49<00:12, 10.06it/s]
 84%|████████▎ | 640/766 [00:49<00:13,  9.37it/s]
 84%|████████▍ | 643/766 [00:50<00:10, 11.43it/s]
 84%|████████▍ | 646/766 [00:50<00:08, 13.56it/s]
 85%|████████▍ | 648/766 [00:50<00:09, 12.87it/s]
 85%|████████▍ | 650/766 [00:50<00:11,  9.78it/s]
 85%|████████▌ | 652/766 [00:50<00:11,  9.52it/s]
 85%|████████▌ | 654/766 [00:51<00:12,  8.66it/s]
 86%|████████▌ | 656/766 [00:51<00:12,  9.10it/s]
 86%|████████▌ | 658/766 [00:51<00:13,  8.14it/s]
 86%|████████▌ | 660/766 [00:51<00:11,  8.95it/s]
 86%|████████▋ | 662/766 [00:52<00:12,  8.55it/s]
 87%|████████▋ | 664/766 [00:52<00:10,  9.49it/s]
 87%|████████▋ | 666/766 [00:52<00:09, 10.44it/s]
 87%|████████▋ | 668/766 [00:52<00:10,  9.43it/s]
 87%|████████▋ | 670/766 [00:52<00:09,  9.73it/s]
 88%|████████▊ | 672/766 [00:53<00:10,  9.10it/s]
 88%|████████▊ | 673/766 [00:53<00:10,  8.67it/s]
 88%|████████▊ | 675/766 [00:53<00:09, 10.03it/s]
 88%|████████▊ | 677/766 [00:53<00:09,  8.97it/s]
 89%|████████▊ | 679/766 [00:53<00:08,  9.86it/s]
 89%|████████▉ | 681/766 [00:54<00:09,  9.09it/s]
 89%|████████▉ | 683/766 [00:54<00:08,  9.63it/s]
 89%|████████▉ | 685/766 [00:54<00:07, 10.19it/s]
 90%|████████▉ | 687/766 [00:54<00:08,  9.39it/s]
 90%|█████████ | 690/766 [00:54<00:06, 11.33it/s]
 90%|█████████ | 693/766 [00:54<00:05, 12.46it/s]
 91%|█████████ | 695/766 [00:55<00:05, 12.59it/s]
 91%|█████████ | 697/766 [00:55<00:06, 10.79it/s]
 91%|█████████▏| 699/766 [00:55<00:05, 12.04it/s]
 92%|█████████▏| 701/766 [00:55<00:05, 11.53it/s]
 92%|█████████▏| 703/766 [00:55<00:05, 11.05it/s]
 92%|█████████▏| 705/766 [00:56<00:05, 11.69it/s]
 92%|█████████▏| 707/766 [00:56<00:05, 10.74it/s]
 93%|█████████▎| 709/766 [00:56<00:05,  9.99it/s]
 93%|█████████▎| 711/766 [00:56<00:05,  9.47it/s]
 93%|█████████▎| 712/766 [00:56<00:06,  8.66it/s]
 93%|█████████▎| 713/766 [00:56<00:06,  8.79it/s]
 93%|█████████▎| 715/766 [00:57<00:05,  8.93it/s]
 93%|█████████▎| 716/766 [00:57<00:05,  8.43it/s]
 94%|█████████▎| 718/766 [00:57<00:04,  9.61it/s]
 94%|█████████▍| 720/766 [00:57<00:04,  9.46it/s]
 94%|█████████▍| 721/766 [00:57<00:05,  8.33it/s]
 94%|█████████▍| 723/766 [00:58<00:04,  9.17it/s]
 95%|█████████▍| 725/766 [00:58<00:04,  9.43it/s]
 95%|█████████▍| 726/766 [00:58<00:04,  9.05it/s]
 95%|█████████▍| 727/766 [00:58<00:04,  8.90it/s]
 95%|█████████▌| 729/766 [00:58<00:04,  9.05it/s]
 95%|█████████▌| 730/766 [00:58<00:04,  8.36it/s]
 96%|█████████▌| 732/766 [00:58<00:03,  9.49it/s]
 96%|█████████▌| 734/766 [00:59<00:03,  9.11it/s]
 96%|█████████▌| 735/766 [00:59<00:03,  8.44it/s]
 96%|█████████▌| 736/766 [00:59<00:03,  8.72it/s]
 96%|█████████▋| 738/766 [00:59<00:03,  8.21it/s]
 96%|█████████▋| 739/766 [00:59<00:03,  8.66it/s]
 97%|█████████▋| 741/766 [00:59<00:02,  9.60it/s]
 97%|█████████▋| 743/766 [01:00<00:02,  8.70it/s]
 97%|█████████▋| 744/766 [01:00<00:02,  7.96it/s]
 97%|█████████▋| 746/766 [01:00<00:02,  8.98it/s]
 98%|█████████▊| 747/766 [01:00<00:02,  8.05it/s]
 98%|█████████▊| 748/766 [01:00<00:02,  8.35it/s]
 98%|█████████▊| 750/766 [01:01<00:01,  8.68it/s]
 98%|█████████▊| 751/766 [01:01<00:02,  7.48it/s]
 98%|█████████▊| 752/766 [01:01<00:01,  7.74it/s]
 98%|█████████▊| 753/766 [01:01<00:01,  8.18it/s]
 98%|█████████▊| 754/766 [01:01<00:01,  8.32it/s]
 99%|█████████▊| 755/766 [01:01<00:01,  7.52it/s]
 99%|█████████▊| 756/766 [01:01<00:01,  7.99it/s]
 99%|█████████▉| 758/766 [01:01<00:00,  9.07it/s]
 99%|█████████▉| 760/766 [01:02<00:00,  9.45it/s]
 99%|█████████▉| 761/766 [01:02<00:00,  8.51it/s]
 99%|█████████▉| 762/766 [01:02<00:00,  8.70it/s]
100%|█████████▉| 763/766 [01:02<00:00,  9.05it/s]
100%|█████████▉| 764/766 [01:02<00:00,  8.88it/s]
100%|█████████▉| 765/766 [01:02<00:00,  8.18it/s]
100%|██████████| 766/766 [01:02<00:00,  8.36it/s]
100%|██████████| 766/766 [01:02<00:00, 12.18it/s]

  0%|          | 0/766 [00:00<?, ?it/s]
  0%|          | 1/766 [00:00<01:39,  7.71it/s]
  0%|          | 2/766 [00:00<01:47,  7.11it/s]
  1%|          | 4/766 [00:00<01:36,  7.87it/s]
  1%|          | 6/766 [00:00<01:31,  8.27it/s]
  1%|          | 7/766 [00:00<01:35,  7.92it/s]
  1%|          | 9/766 [00:00<01:23,  9.11it/s]
  1%|▏         | 11/766 [00:01<01:12, 10.44it/s]
  2%|▏         | 13/766 [00:01<01:20,  9.37it/s]
  2%|▏         | 15/766 [00:01<01:13, 10.26it/s]
  2%|▏         | 17/766 [00:01<01:15,  9.93it/s]
  2%|▏         | 19/766 [00:01<01:16,  9.72it/s]
  3%|▎         | 21/766 [00:02<01:10, 10.54it/s]
  3%|▎         | 23/766 [00:02<01:18,  9.41it/s]
  3%|▎         | 25/766 [00:02<01:13, 10.07it/s]
  4%|▎         | 27/766 [00:02<01:13, 10.05it/s]
  4%|▍         | 29/766 [00:02<01:14,  9.88it/s]
  4%|▍         | 31/766 [00:03<01:08, 10.71it/s]
  4%|▍         | 33/766 [00:03<01:16,  9.63it/s]
  5%|▍         | 35/766 [00:03<01:09, 10.54it/s]
  5%|▍         | 37/766 [00:03<01:10, 10.38it/s]
  5%|▌         | 39/766 [00:03<01:14,  9.74it/s]
  5%|▌         | 41/766 [00:04<01:07, 10.78it/s]
  6%|▌         | 43/766 [00:04<01:15,  9.58it/s]
  6%|▌         | 45/766 [00:04<01:09, 10.30it/s]
  6%|▌         | 47/766 [00:04<01:12,  9.92it/s]
  6%|▋         | 49/766 [00:04<01:11,  9.99it/s]
  7%|▋         | 51/766 [00:05<01:07, 10.60it/s]
  7%|▋         | 53/766 [00:05<01:15,  9.48it/s]
  7%|▋         | 55/766 [00:05<01:10, 10.11it/s]
  7%|▋         | 57/766 [00:05<01:13,  9.64it/s]
  8%|▊         | 58/766 [00:05<01:14,  9.51it/s]
  8%|▊         | 60/766 [00:06<01:08, 10.26it/s]
  8%|▊         | 62/766 [00:06<01:11,  9.79it/s]
  8%|▊         | 64/766 [00:06<01:15,  9.35it/s]
  9%|▊         | 66/766 [00:06<01:20,  8.64it/s]
  9%|▊         | 67/766 [00:06<01:19,  8.75it/s]
  9%|▉         | 69/766 [00:07<01:15,  9.22it/s]
  9%|▉         | 70/766 [00:07<01:31,  7.61it/s]
  9%|▉         | 71/766 [00:07<01:30,  7.64it/s]
 10%|▉         | 73/766 [00:07<01:21,  8.49it/s]
 10%|▉         | 75/766 [00:07<01:17,  8.94it/s]
 10%|▉         | 76/766 [00:07<01:20,  8.58it/s]
 10%|█         | 78/766 [00:08<01:11,  9.58it/s]
 10%|█         | 80/766 [00:08<01:17,  8.87it/s]
 11%|█         | 82/766 [00:08<01:13,  9.35it/s]
 11%|█         | 84/766 [00:08<01:07, 10.17it/s]
 11%|█         | 86/766 [00:08<01:13,  9.30it/s]
 11%|█▏        | 88/766 [00:09<01:06, 10.16it/s]
 12%|█▏        | 90/766 [00:09<01:07,  9.97it/s]
 12%|█▏        | 92/766 [00:09<01:10,  9.52it/s]
 12%|█▏        | 94/766 [00:09<01:07,  9.94it/s]
 13%|█▎        | 96/766 [00:09<01:11,  9.38it/s]
 13%|█▎        | 98/766 [00:10<01:07,  9.92it/s]
 13%|█▎        | 100/766 [00:10<01:14,  8.98it/s]
 13%|█▎        | 102/766 [00:10<01:09,  9.60it/s]
 14%|█▎        | 104/766 [00:10<01:08,  9.68it/s]
 14%|█▎        | 105/766 [00:10<01:22,  8.02it/s]
 14%|█▍        | 107/766 [00:11<01:14,  8.90it/s]
 14%|█▍        | 109/766 [00:11<01:15,  8.76it/s]
 14%|█▍        | 110/766 [00:11<01:15,  8.73it/s]
 15%|█▍        | 112/766 [00:11<01:12,  9.06it/s]
 15%|█▍        | 113/766 [00:11<01:35,  6.82it/s]
 15%|█▌        | 115/766 [00:12<01:27,  7.43it/s]
 15%|█▌        | 116/766 [00:12<01:45,  6.14it/s]
 15%|█▌        | 117/766 [00:12<01:44,  6.22it/s]
 16%|█▌        | 119/766 [00:12<01:29,  7.22it/s]
 16%|█▌        | 121/766 [00:12<01:31,  7.07it/s]
 16%|█▌        | 122/766 [00:13<01:27,  7.37it/s]
 16%|█▌        | 124/766 [00:13<01:14,  8.56it/s]
 16%|█▋        | 125/766 [00:13<01:37,  6.56it/s]
 16%|█▋        | 126/766 [00:13<01:32,  6.92it/s]
 17%|█▋        | 127/766 [00:13<01:25,  7.46it/s]
 17%|█▋        | 128/766 [00:13<01:48,  5.86it/s]
 17%|█▋        | 130/766 [00:14<01:39,  6.42it/s]
 17%|█▋        | 131/766 [00:14<01:53,  5.61it/s]
 17%|█▋        | 132/766 [00:14<01:41,  6.27it/s]
 17%|█▋        | 133/766 [00:14<01:33,  6.78it/s]
 17%|█▋        | 134/766 [00:14<01:40,  6.27it/s]
 18%|█▊        | 135/766 [00:14<01:33,  6.77it/s]
 18%|█▊        | 137/766 [00:15<01:21,  7.71it/s]
 18%|█▊        | 139/766 [00:15<01:19,  7.91it/s]
 18%|█▊        | 141/766 [00:15<01:12,  8.66it/s]
 19%|█▊        | 143/766 [00:15<01:06,  9.40it/s]
 19%|█▉        | 145/766 [00:15<01:10,  8.82it/s]
 19%|█▉        | 147/766 [00:16<01:05,  9.44it/s]
 19%|█▉        | 148/766 [00:16<01:12,  8.57it/s]
 19%|█▉        | 149/766 [00:16<01:22,  7.45it/s]
 20%|█▉        | 151/766 [00:16<01:12,  8.49it/s]
 20%|█▉        | 153/766 [00:16<01:14,  8.26it/s]
 20%|██        | 155/766 [00:17<01:08,  8.98it/s]
 20%|██        | 157/766 [00:17<01:01,  9.83it/s]
 21%|██        | 159/766 [00:17<01:06,  9.12it/s]
 21%|██        | 161/766 [00:17<01:00, 10.06it/s]
 21%|██▏       | 163/766 [00:17<01:12,  8.37it/s]
 22%|██▏       | 165/766 [00:18<01:06,  9.09it/s]
 22%|██▏       | 166/766 [00:18<01:20,  7.47it/s]
 22%|██▏       | 167/766 [00:18<01:19,  7.50it/s]
 22%|██▏       | 169/766 [00:18<01:11,  8.35it/s]
 22%|██▏       | 171/766 [00:18<01:11,  8.27it/s]
 23%|██▎       | 173/766 [00:19<01:06,  8.88it/s]
 23%|██▎       | 175/766 [00:19<01:11,  8.29it/s]
 23%|██▎       | 176/766 [00:19<01:08,  8.64it/s]
 23%|██▎       | 178/766 [00:19<01:00,  9.69it/s]
 23%|██▎       | 180/766 [00:19<01:13,  7.98it/s]
 24%|██▎       | 181/766 [00:20<01:10,  8.32it/s]
 24%|██▍       | 183/766 [00:20<01:10,  8.26it/s]
 24%|██▍       | 184/766 [00:20<01:13,  7.91it/s]
 24%|██▍       | 185/766 [00:20<01:09,  8.40it/s]
 24%|██▍       | 187/766 [00:20<01:05,  8.82it/s]
 25%|██▍       | 188/766 [00:20<01:16,  7.53it/s]
 25%|██▍       | 190/766 [00:21<01:11,  8.11it/s]
 25%|██▍       | 191/766 [00:21<01:19,  7.23it/s]
 25%|██▌       | 192/766 [00:21<01:15,  7.57it/s]
 25%|██▌       | 194/766 [00:21<01:06,  8.61it/s]
 26%|██▌       | 196/766 [00:21<01:09,  8.16it/s]
 26%|██▌       | 198/766 [00:21<01:03,  8.92it/s]
 26%|██▌       | 199/766 [00:22<01:06,  8.47it/s]
 26%|██▌       | 200/766 [00:22<01:19,  7.14it/s]
 26%|██▌       | 201/766 [00:22<01:19,  7.08it/s]
 27%|██▋       | 203/766 [00:22<01:08,  8.26it/s]
 27%|██▋       | 204/766 [00:22<01:34,  5.92it/s]
 27%|██▋       | 205/766 [00:22<01:24,  6.65it/s]
 27%|██▋       | 206/766 [00:23<01:17,  7.26it/s]
 27%|██▋       | 207/766 [00:23<01:16,  7.34it/s]
 27%|██▋       | 208/766 [00:23<01:17,  7.23it/s]
 27%|██▋       | 210/766 [00:23<01:08,  8.17it/s]
 28%|██▊       | 211/766 [00:23<01:30,  6.15it/s]
 28%|██▊       | 213/766 [00:24<01:19,  6.99it/s]
 28%|██▊       | 214/766 [00:24<01:12,  7.62it/s]
 28%|██▊       | 215/766 [00:24<01:21,  6.73it/s]
 28%|██▊       | 217/766 [00:24<01:11,  7.72it/s]
 28%|██▊       | 218/766 [00:24<01:06,  8.19it/s]
 29%|██▊       | 219/766 [00:24<01:24,  6.49it/s]
 29%|██▉       | 221/766 [00:24<01:13,  7.46it/s]
 29%|██▉       | 223/766 [00:25<01:03,  8.56it/s]
 29%|██▉       | 225/766 [00:25<01:05,  8.26it/s]
 30%|██▉       | 227/766 [00:25<01:02,  8.58it/s]
 30%|██▉       | 228/766 [00:25<01:13,  7.36it/s]
 30%|██▉       | 229/766 [00:25<01:09,  7.76it/s]
 30%|███       | 231/766 [00:26<01:03,  8.42it/s]
 30%|███       | 232/766 [00:26<01:15,  7.09it/s]
 30%|███       | 233/766 [00:26<01:09,  7.64it/s]
 31%|███       | 235/766 [00:26<01:06,  7.94it/s]
 31%|███       | 236/766 [00:26<01:14,  7.16it/s]
 31%|███       | 237/766 [00:26<01:09,  7.57it/s]
 31%|███       | 239/766 [00:27<01:05,  8.10it/s]
 31%|███▏      | 240/766 [00:27<01:13,  7.15it/s]
 31%|███▏      | 241/766 [00:27<01:09,  7.50it/s]
 32%|███▏      | 243/766 [00:27<01:06,  7.86it/s]
 32%|███▏      | 244/766 [00:27<01:17,  6.73it/s]
 32%|███▏      | 246/766 [00:27<01:07,  7.73it/s]
 32%|███▏      | 248/766 [00:28<01:04,  8.09it/s]
 33%|███▎      | 249/766 [00:28<01:10,  7.38it/s]
 33%|███▎      | 251/766 [00:28<01:03,  8.09it/s]
 33%|███▎      | 253/766 [00:28<01:04,  7.97it/s]
 33%|███▎      | 255/766 [00:28<00:55,  9.16it/s]
 34%|███▎      | 257/766 [00:29<01:09,  7.32it/s]
 34%|███▍      | 259/766 [00:29<01:00,  8.39it/s]
 34%|███▍      | 261/766 [00:29<00:59,  8.46it/s]
 34%|███▍      | 262/766 [00:29<00:59,  8.47it/s]
 34%|███▍      | 264/766 [00:30<00:52,  9.52it/s]
 35%|███▍      | 266/766 [00:30<00:57,  8.73it/s]
 35%|███▍      | 268/766 [00:30<00:52,  9.46it/s]
 35%|███▌      | 270/766 [00:30<00:48, 10.22it/s]
 36%|███▌      | 272/766 [00:30<00:53,  9.30it/s]
 36%|███▌      | 274/766 [00:31<00:48, 10.13it/s]
 36%|███▌      | 276/766 [00:31<00:52,  9.35it/s]
 36%|███▋      | 278/766 [00:31<00:51,  9.46it/s]
 37%|███▋      | 280/766 [00:31<00:58,  8.35it/s]
 37%|███▋      | 282/766 [00:31<00:52,  9.14it/s]
 37%|███▋      | 284/766 [00:32<00:46, 10.29it/s]
 37%|███▋      | 286/766 [00:32<00:52,  9.17it/s]
 38%|███▊      | 288/766 [00:32<00:48,  9.78it/s]
 38%|███▊      | 290/766 [00:32<00:52,  9.06it/s]
 38%|███▊      | 292/766 [00:33<00:50,  9.46it/s]
 38%|███▊      | 294/766 [00:33<00:45, 10.39it/s]
 39%|███▊      | 296/766 [00:33<00:49,  9.46it/s]
 39%|███▉      | 298/766 [00:33<00:46, 10.15it/s]
 39%|███▉      | 300/766 [00:33<00:50,  9.27it/s]
 39%|███▉      | 302/766 [00:34<00:46,  9.95it/s]
 40%|███▉      | 304/766 [00:34<00:49,  9.29it/s]
 40%|███▉      | 305/766 [00:34<00:55,  8.25it/s]
 40%|████      | 307/766 [00:34<00:51,  8.99it/s]
 40%|████      | 309/766 [00:34<00:53,  8.57it/s]
 41%|████      | 311/766 [00:35<00:48,  9.29it/s]
 41%|████      | 313/766 [00:35<00:46,  9.79it/s]
 41%|████      | 315/766 [00:35<00:48,  9.28it/s]
 41%|████▏     | 316/766 [00:35<00:47,  9.48it/s]
 41%|████▏     | 317/766 [00:35<00:47,  9.38it/s]
 42%|████▏     | 318/766 [00:35<00:51,  8.73it/s]
 42%|████▏     | 319/766 [00:35<00:54,  8.16it/s]
 42%|████▏     | 320/766 [00:36<00:51,  8.64it/s]
 42%|████▏     | 321/766 [00:36<00:51,  8.62it/s]
 42%|████▏     | 322/766 [00:36<00:50,  8.84it/s]
 42%|████▏     | 323/766 [00:36<00:53,  8.28it/s]
 42%|████▏     | 325/766 [00:36<00:49,  8.94it/s]
 43%|████▎     | 326/766 [00:36<00:47,  9.18it/s]
 43%|████▎     | 327/766 [00:36<00:56,  7.83it/s]
 43%|████▎     | 328/766 [00:36<00:52,  8.33it/s]
 43%|████▎     | 330/766 [00:37<00:49,  8.75it/s]
 43%|████▎     | 332/766 [00:37<00:52,  8.34it/s]
 43%|████▎     | 333/766 [00:37<00:53,  8.15it/s]
 44%|████▎     | 335/766 [00:37<00:53,  8.13it/s]
 44%|████▍     | 336/766 [00:37<00:56,  7.60it/s]
 44%|████▍     | 337/766 [00:38<00:59,  7.20it/s]
 44%|████▍     | 338/766 [00:38<00:55,  7.67it/s]
 44%|████▍     | 339/766 [00:38<00:58,  7.31it/s]
 44%|████▍     | 340/766 [00:38<00:53,  7.90it/s]
 45%|████▍     | 342/766 [00:38<00:48,  8.70it/s]
 45%|████▍     | 344/766 [00:38<00:49,  8.53it/s]
 45%|████▌     | 346/766 [00:39<00:47,  8.77it/s]
 45%|████▌     | 347/766 [00:39<00:48,  8.68it/s]
 45%|████▌     | 348/766 [00:39<00:55,  7.52it/s]
 46%|████▌     | 349/766 [00:39<00:51,  8.10it/s]
 46%|████▌     | 351/766 [00:39<00:45,  9.19it/s]
 46%|████▌     | 353/766 [00:39<00:45,  9.11it/s]
 46%|████▌     | 354/766 [00:39<00:46,  8.86it/s]
 46%|████▋     | 355/766 [00:40<00:45,  9.02it/s]
 46%|████▋     | 356/766 [00:40<00:45,  9.01it/s]
 47%|████▋     | 357/766 [00:40<00:51,  7.91it/s]
 47%|████▋     | 358/766 [00:40<00:48,  8.37it/s]
 47%|████▋     | 360/766 [00:40<00:43,  9.37it/s]
 47%|████▋     | 362/766 [00:40<00:44,  9.05it/s]
 47%|████▋     | 363/766 [00:40<00:44,  9.08it/s]
 48%|████▊     | 365/766 [00:41<00:39, 10.08it/s]
 48%|████▊     | 367/766 [00:41<00:42,  9.40it/s]
 48%|████▊     | 368/766 [00:41<00:41,  9.49it/s]
 48%|████▊     | 370/766 [00:41<00:38, 10.34it/s]
 49%|████▊     | 372/766 [00:41<00:40,  9.79it/s]
 49%|████▉     | 374/766 [00:42<00:39,  9.82it/s]
 49%|████▉     | 376/766 [00:42<00:40,  9.67it/s]
 49%|████▉     | 377/766 [00:42<00:50,  7.76it/s]
 49%|████▉     | 379/766 [00:42<00:45,  8.43it/s]
 50%|████▉     | 380/766 [00:42<00:44,  8.63it/s]
 50%|████▉     | 381/766 [00:42<00:49,  7.76it/s]
 50%|█████     | 383/766 [00:43<00:43,  8.72it/s]
 50%|█████     | 384/766 [00:43<00:43,  8.76it/s]
 50%|█████     | 385/766 [00:43<00:53,  7.15it/s]
 51%|█████     | 387/766 [00:43<00:49,  7.70it/s]
 51%|█████     | 389/766 [00:43<00:47,  7.88it/s]
 51%|█████     | 390/766 [00:43<00:48,  7.68it/s]
 51%|█████     | 392/766 [00:44<00:44,  8.39it/s]
 51%|█████▏    | 393/766 [00:44<00:51,  7.30it/s]
 51%|█████▏    | 394/766 [00:44<00:50,  7.38it/s]
 52%|█████▏    | 396/766 [00:44<00:46,  8.03it/s]
 52%|█████▏    | 397/766 [00:44<00:55,  6.69it/s]
 52%|█████▏    | 399/766 [00:45<00:48,  7.60it/s]
 52%|█████▏    | 400/766 [00:45<00:48,  7.60it/s]
 52%|█████▏    | 401/766 [00:45<00:50,  7.28it/s]
 52%|█████▏    | 402/766 [00:45<00:49,  7.37it/s]
 53%|█████▎    | 403/766 [00:45<00:46,  7.79it/s]
 53%|█████▎    | 404/766 [00:45<00:45,  7.89it/s]
 53%|█████▎    | 405/766 [00:45<00:57,  6.30it/s]
 53%|█████▎    | 406/766 [00:46<00:52,  6.88it/s]
 53%|█████▎    | 407/766 [00:46<00:47,  7.56it/s]
 53%|█████▎    | 408/766 [00:46<00:54,  6.58it/s]
 53%|█████▎    | 409/766 [00:46<00:49,  7.19it/s]
 54%|█████▎    | 410/766 [00:46<00:46,  7.66it/s]
 54%|█████▎    | 411/766 [00:46<00:44,  7.97it/s]
 54%|█████▍    | 412/766 [00:46<00:49,  7.19it/s]
 54%|█████▍    | 413/766 [00:46<00:45,  7.83it/s]
 54%|█████▍    | 414/766 [00:47<00:42,  8.30it/s]
 54%|█████▍    | 416/766 [00:47<00:44,  7.81it/s]
 55%|█████▍    | 418/766 [00:47<00:41,  8.33it/s]
 55%|█████▍    | 420/766 [00:47<00:38,  9.07it/s]
 55%|█████▍    | 421/766 [00:47<00:47,  7.32it/s]
 55%|█████▌    | 423/766 [00:48<00:43,  7.86it/s]
 55%|█████▌    | 424/766 [00:48<00:44,  7.72it/s]
 55%|█████▌    | 425/766 [00:48<00:46,  7.39it/s]
 56%|█████▌    | 426/766 [00:48<00:43,  7.81it/s]
 56%|█████▌    | 428/766 [00:48<00:40,  8.43it/s]
 56%|█████▌    | 429/766 [00:48<00:42,  7.97it/s]
 56%|█████▋    | 431/766 [00:49<00:37,  8.88it/s]
 56%|█████▋    | 432/766 [00:49<00:37,  8.84it/s]
 57%|█████▋    | 433/766 [00:49<00:42,  7.76it/s]
 57%|█████▋    | 434/766 [00:49<00:40,  8.22it/s]
 57%|█████▋    | 435/766 [00:49<00:38,  8.65it/s]
 57%|█████▋    | 436/766 [00:49<00:37,  8.74it/s]
 57%|█████▋    | 437/766 [00:49<00:43,  7.53it/s]
 57%|█████▋    | 439/766 [00:49<00:39,  8.36it/s]
 58%|█████▊    | 441/766 [00:50<00:34,  9.40it/s]
 58%|█████▊    | 443/766 [00:50<00:36,  8.82it/s]
 58%|█████▊    | 445/766 [00:50<00:33,  9.69it/s]
 58%|█████▊    | 447/766 [00:50<00:32,  9.71it/s]
 59%|█████▊    | 449/766 [00:50<00:33,  9.53it/s]
 59%|█████▉    | 451/766 [00:51<00:29, 10.52it/s]
 59%|█████▉    | 453/766 [00:51<00:31,  9.88it/s]
 59%|█████▉    | 455/766 [00:51<00:28, 10.91it/s]
 60%|█████▉    | 457/766 [00:51<00:26, 11.82it/s]
 60%|█████▉    | 459/766 [00:51<00:29, 10.45it/s]
 60%|██████    | 461/766 [00:52<00:29, 10.44it/s]
 60%|██████    | 463/766 [00:52<00:31,  9.69it/s]
 61%|██████    | 465/766 [00:52<00:28, 10.73it/s]
 61%|██████    | 467/766 [00:52<00:26, 11.19it/s]
 61%|██████    | 469/766 [00:52<00:30,  9.84it/s]
 61%|██████▏   | 471/766 [00:53<00:27, 10.56it/s]
 62%|██████▏   | 473/766 [00:53<00:28, 10.27it/s]
 62%|██████▏   | 475/766 [00:53<00:29,  9.91it/s]
 62%|██████▏   | 477/766 [00:53<00:26, 10.79it/s]
 63%|██████▎   | 479/766 [00:53<00:29,  9.65it/s]
 63%|██████▎   | 481/766 [00:54<00:27, 10.49it/s]
 63%|██████▎   | 483/766 [00:54<00:26, 10.54it/s]
 63%|██████▎   | 485/766 [00:54<00:28,  9.82it/s]
 64%|██████▎   | 487/766 [00:54<00:26, 10.59it/s]
 64%|██████▍   | 489/766 [00:54<00:29,  9.49it/s]
 64%|██████▍   | 491/766 [00:55<00:27, 10.05it/s]
 64%|██████▍   | 493/766 [00:55<00:29,  9.24it/s]
 65%|██████▍   | 495/766 [00:55<00:27,  9.96it/s]
 65%|██████▍   | 497/766 [00:55<00:24, 10.78it/s]
 65%|██████▌   | 499/766 [00:55<00:27,  9.71it/s]
 65%|██████▌   | 501/766 [00:55<00:25, 10.51it/s]
 66%|██████▌   | 503/766 [00:56<00:27,  9.67it/s]
 66%|██████▌   | 505/766 [00:56<00:25, 10.08it/s]
 66%|██████▌   | 507/766 [00:56<00:23, 10.99it/s]
 66%|██████▋   | 509/766 [00:56<00:25,  9.99it/s]
 67%|██████▋   | 511/766 [00:56<00:24, 10.57it/s]
 67%|██████▋   | 513/766 [00:57<00:24, 10.22it/s]
 67%|██████▋   | 515/766 [00:57<00:26,  9.53it/s]
 67%|██████▋   | 517/766 [00:57<00:23, 10.70it/s]
 68%|██████▊   | 519/766 [00:57<00:25,  9.70it/s]
 68%|██████▊   | 521/766 [00:57<00:23, 10.53it/s]
 68%|██████▊   | 523/766 [00:58<00:24, 10.11it/s]
 69%|██████▊   | 525/766 [00:58<00:25,  9.57it/s]
 69%|██████▉   | 527/766 [00:58<00:25,  9.39it/s]
 69%|██████▉   | 528/766 [00:58<00:27,  8.78it/s]
 69%|██████▉   | 529/766 [00:58<00:26,  8.88it/s]
 69%|██████▉   | 531/766 [00:59<00:23, 10.03it/s]
 70%|██████▉   | 533/766 [00:59<00:25,  9.19it/s]
 70%|██████▉   | 534/766 [00:59<00:25,  8.93it/s]
 70%|██████▉   | 536/766 [00:59<00:24,  9.28it/s]
 70%|███████   | 537/766 [00:59<00:26,  8.77it/s]
 70%|███████   | 539/766 [00:59<00:23,  9.58it/s]
 71%|███████   | 541/766 [01:00<00:24,  9.27it/s]
 71%|███████   | 542/766 [01:00<00:26,  8.33it/s]
 71%|███████   | 544/766 [01:00<00:23,  9.57it/s]
 71%|███████▏  | 546/766 [01:00<00:21, 10.20it/s]
 72%|███████▏  | 548/766 [01:00<00:20, 10.46it/s]
 72%|███████▏  | 550/766 [01:00<00:19, 11.09it/s]
 72%|███████▏  | 552/766 [01:01<00:20, 10.21it/s]
 72%|███████▏  | 554/766 [01:01<00:21,  9.92it/s]
 73%|███████▎  | 556/766 [01:01<00:20, 10.41it/s]
 73%|███████▎  | 558/766 [01:01<00:21,  9.65it/s]
 73%|███████▎  | 560/766 [01:01<00:19, 10.59it/s]
 73%|███████▎  | 562/766 [01:02<00:20,  9.89it/s]
 74%|███████▎  | 564/766 [01:02<00:20,  9.94it/s]
 74%|███████▍  | 566/766 [01:02<00:18, 10.93it/s]
 74%|███████▍  | 568/766 [01:02<00:20,  9.44it/s]
 74%|███████▍  | 570/766 [01:02<00:18, 10.57it/s]
 75%|███████▍  | 572/766 [01:03<00:17, 11.38it/s]
 75%|███████▍  | 574/766 [01:03<00:18, 10.41it/s]
 75%|███████▌  | 576/766 [01:03<00:17, 10.67it/s]
 75%|███████▌  | 578/766 [01:03<00:17, 10.99it/s]
 76%|███████▌  | 580/766 [01:03<00:17, 10.81it/s]
 76%|███████▌  | 582/766 [01:03<00:17, 10.71it/s]
 76%|███████▌  | 584/766 [01:04<00:19,  9.33it/s]
 77%|███████▋  | 586/766 [01:04<00:17, 10.17it/s]
 77%|███████▋  | 588/766 [01:04<00:17, 10.45it/s]
 77%|███████▋  | 590/766 [01:04<00:17, 10.29it/s]
 77%|███████▋  | 592/766 [01:04<00:16, 10.74it/s]
 78%|███████▊  | 594/766 [01:05<00:18,  9.22it/s]
 78%|███████▊  | 596/766 [01:05<00:16, 10.09it/s]
 78%|███████▊  | 598/766 [01:05<00:17,  9.69it/s]
 78%|███████▊  | 600/766 [01:05<00:17,  9.59it/s]
 79%|███████▊  | 602/766 [01:06<00:15, 10.37it/s]
 79%|███████▉  | 604/766 [01:06<00:17,  9.45it/s]
 79%|███████▉  | 606/766 [01:06<00:15, 10.24it/s]
 79%|███████▉  | 608/766 [01:06<00:15, 10.50it/s]
 80%|███████▉  | 610/766 [01:06<00:14, 10.77it/s]
 80%|███████▉  | 612/766 [01:06<00:13, 11.54it/s]
 80%|████████  | 614/766 [01:07<00:14, 10.38it/s]
 80%|████████  | 616/766 [01:07<00:14, 10.22it/s]
 81%|████████  | 618/766 [01:07<00:13, 11.11it/s]
 81%|████████  | 620/766 [01:07<00:15,  9.68it/s]
 81%|████████  | 622/766 [01:07<00:13, 10.46it/s]
 81%|████████▏ | 624/766 [01:08<00:13, 10.29it/s]
 82%|████████▏ | 626/766 [01:08<00:14,  9.72it/s]
 82%|████████▏ | 628/766 [01:08<00:12, 10.70it/s]
 82%|████████▏ | 630/766 [01:08<00:14,  9.60it/s]
 83%|████████▎ | 632/766 [01:08<00:13, 10.26it/s]
 83%|████████▎ | 634/766 [01:09<00:12, 10.34it/s]
 83%|████████▎ | 636/766 [01:09<00:12, 10.55it/s]
 83%|████████▎ | 638/766 [01:09<00:11, 10.68it/s]
 84%|████████▎ | 640/766 [01:09<00:13,  9.09it/s]
 84%|████████▍ | 642/766 [01:09<00:12,  9.90it/s]
 84%|████████▍ | 644/766 [01:10<00:12,  9.76it/s]
 84%|████████▍ | 646/766 [01:10<00:12,  9.59it/s]
 84%|████████▍ | 647/766 [01:10<00:12,  9.53it/s]
 85%|████████▍ | 648/766 [01:10<00:12,  9.13it/s]
 85%|████████▍ | 649/766 [01:10<00:15,  7.54it/s]
 85%|████████▍ | 651/766 [01:10<00:13,  8.43it/s]
 85%|████████▌ | 653/766 [01:11<00:13,  8.14it/s]
 85%|████████▌ | 654/766 [01:11<00:14,  7.84it/s]
 86%|████████▌ | 656/766 [01:11<00:14,  7.61it/s]
 86%|████████▌ | 657/766 [01:11<00:14,  7.48it/s]
 86%|████████▌ | 659/766 [01:11<00:12,  8.54it/s]
 86%|████████▋ | 661/766 [01:12<00:11,  8.93it/s]
 86%|████████▋ | 662/766 [01:12<00:12,  8.08it/s]
 87%|████████▋ | 664/766 [01:12<00:11,  9.09it/s]
 87%|████████▋ | 666/766 [01:12<00:10,  9.27it/s]
 87%|████████▋ | 667/766 [01:12<00:11,  8.82it/s]
 87%|████████▋ | 669/766 [01:12<00:09,  9.82it/s]
 88%|████████▊ | 671/766 [01:13<00:09,  9.54it/s]
 88%|████████▊ | 673/766 [01:13<00:10,  9.23it/s]
 88%|████████▊ | 675/766 [01:13<00:09, 10.04it/s]
 88%|████████▊ | 677/766 [01:13<00:09,  9.61it/s]
 89%|████████▊ | 679/766 [01:13<00:08, 10.47it/s]
 89%|████████▉ | 681/766 [01:14<00:08,  9.60it/s]
 89%|████████▉ | 683/766 [01:14<00:08,  9.75it/s]
 89%|████████▉ | 685/766 [01:14<00:08, 10.09it/s]
 90%|████████▉ | 687/766 [01:14<00:08,  9.47it/s]
 90%|████████▉ | 689/766 [01:14<00:07, 10.28it/s]
 90%|█████████ | 691/766 [01:15<00:07, 10.47it/s]
 90%|█████████ | 693/766 [01:15<00:07,  9.74it/s]
 91%|█████████ | 695/766 [01:15<00:06, 10.57it/s]
 91%|█████████ | 697/766 [01:15<00:07,  9.84it/s]
 91%|█████████▏| 699/766 [01:15<00:06, 10.80it/s]
 92%|█████████▏| 701/766 [01:16<00:06, 10.80it/s]
 92%|█████████▏| 703/766 [01:16<00:05, 10.62it/s]
 92%|█████████▏| 705/766 [01:16<00:05, 11.25it/s]
 92%|█████████▏| 707/766 [01:16<00:05, 10.38it/s]
 93%|█████████▎| 709/766 [01:16<00:05, 10.00it/s]
 93%|█████████▎| 711/766 [01:17<00:05, 10.57it/s]
 93%|█████████▎| 713/766 [01:17<00:05,  9.36it/s]
 93%|█████████▎| 715/766 [01:17<00:05, 10.17it/s]
 94%|█████████▎| 717/766 [01:17<00:05,  9.75it/s]
 94%|█████████▍| 719/766 [01:17<00:04,  9.99it/s]
 94%|█████████▍| 721/766 [01:18<00:04, 10.58it/s]
 94%|█████████▍| 723/766 [01:18<00:04,  9.59it/s]
 95%|█████████▍| 725/766 [01:18<00:03, 10.34it/s]
 95%|█████████▍| 727/766 [01:18<00:03, 10.26it/s]
 95%|█████████▌| 729/766 [01:18<00:03, 10.03it/s]
 95%|█████████▌| 731/766 [01:19<00:03, 10.59it/s]
 96%|█████████▌| 733/766 [01:19<00:03,  9.47it/s]
 96%|█████████▌| 734/766 [01:19<00:03,  9.38it/s]
 96%|█████████▌| 735/766 [01:19<00:03,  9.34it/s]
 96%|█████████▌| 736/766 [01:19<00:03,  8.13it/s]
 96%|█████████▌| 737/766 [01:19<00:03,  8.45it/s]
 96%|█████████▋| 739/766 [01:19<00:02,  9.28it/s]
 97%|█████████▋| 741/766 [01:20<00:02,  9.12it/s]
 97%|█████████▋| 742/766 [01:20<00:02,  8.82it/s]
 97%|█████████▋| 744/766 [01:20<00:02,  9.33it/s]
 97%|█████████▋| 745/766 [01:20<00:02,  9.29it/s]
 97%|█████████▋| 746/766 [01:20<00:02,  8.52it/s]
 98%|█████████▊| 748/766 [01:20<00:01,  9.39it/s]
 98%|█████████▊| 749/766 [01:20<00:01,  9.54it/s]
 98%|█████████▊| 750/766 [01:21<00:02,  7.24it/s]
 98%|█████████▊| 752/766 [01:21<00:01,  8.05it/s]
 98%|█████████▊| 754/766 [01:21<00:01,  7.71it/s]
 99%|█████████▊| 755/766 [01:21<00:01,  7.68it/s]
 99%|█████████▉| 757/766 [01:21<00:01,  8.47it/s]
 99%|█████████▉| 759/766 [01:22<00:00,  8.79it/s]
 99%|█████████▉| 760/766 [01:22<00:00,  8.84it/s]
 99%|█████████▉| 762/766 [01:22<00:00,  9.80it/s]
100%|█████████▉| 764/766 [01:22<00:00,  9.48it/s]
100%|█████████▉| 765/766 [01:22<00:00,  9.19it/s]
100%|██████████| 766/766 [01:22<00:00,  9.24it/s]2020-10-20 17:22:36.988481: I tensorflow/core/common_runtime/gpu/gpu_device.cc:1640] Found device 0 with properties: 
name: Tesla V100-PCIE-16GB major: 7 minor: 0 memoryClockRate(GHz): 1.38
pciBusID: 0000:3b:00.0
2020-10-20 17:22:36.988583: I tensorflow/stream_executor/platform/default/dso_loader.cc:42] Successfully opened dynamic library libcudart.so.10.1
2020-10-20 17:22:36.988604: I tensorflow/stream_executor/platform/default/dso_loader.cc:42] Successfully opened dynamic library libcublas.so.10
2020-10-20 17:22:36.988625: I tensorflow/stream_executor/platform/default/dso_loader.cc:42] Successfully opened dynamic library libcufft.so.10
2020-10-20 17:22:36.988641: I tensorflow/stream_executor/platform/default/dso_loader.cc:42] Successfully opened dynamic library libcurand.so.10
2020-10-20 17:22:36.988656: I tensorflow/stream_executor/platform/default/dso_loader.cc:42] Successfully opened dynamic library libcusolver.so.10
2020-10-20 17:22:36.988672: I tensorflow/stream_executor/platform/default/dso_loader.cc:42] Successfully opened dynamic library libcusparse.so.10
2020-10-20 17:22:36.988688: I tensorflow/stream_executor/platform/default/dso_loader.cc:42] Successfully opened dynamic library libcudnn.so.7
2020-10-20 17:22:36.989235: I tensorflow/core/common_runtime/gpu/gpu_device.cc:1763] Adding visible gpu devices: 0
2020-10-20 17:22:36.989280: I tensorflow/core/common_runtime/gpu/gpu_device.cc:1181] Device interconnect StreamExecutor with strength 1 edge matrix:
2020-10-20 17:22:36.989288: I tensorflow/core/common_runtime/gpu/gpu_device.cc:1187]      0 
2020-10-20 17:22:36.989295: I tensorflow/core/common_runtime/gpu/gpu_device.cc:1200] 0:   N 
2020-10-20 17:22:36.989856: I tensorflow/core/common_runtime/gpu/gpu_device.cc:1326] Created TensorFlow device (/job:localhost/replica:0/task:0/device:GPU:0 with 15051 MB memory) -> physical GPU (device: 0, name: Tesla V100-PCIE-16GB, pci bus id: 0000:3b:00.0, compute capability: 7.0)
2020-10-20 17:22:40.524098: I tensorflow/core/common_runtime/gpu/gpu_device.cc:1640] Found device 0 with properties: 
name: Tesla V100-PCIE-16GB major: 7 minor: 0 memoryClockRate(GHz): 1.38
pciBusID: 0000:3b:00.0
2020-10-20 17:22:40.524210: I tensorflow/stream_executor/platform/default/dso_loader.cc:42] Successfully opened dynamic library libcudart.so.10.1
2020-10-20 17:22:40.524227: I tensorflow/stream_executor/platform/default/dso_loader.cc:42] Successfully opened dynamic library libcublas.so.10
2020-10-20 17:22:40.524241: I tensorflow/stream_executor/platform/default/dso_loader.cc:42] Successfully opened dynamic library libcufft.so.10
2020-10-20 17:22:40.524254: I tensorflow/stream_executor/platform/default/dso_loader.cc:42] Successfully opened dynamic library libcurand.so.10
2020-10-20 17:22:40.524266: I tensorflow/stream_executor/platform/default/dso_loader.cc:42] Successfully opened dynamic library libcusolver.so.10
2020-10-20 17:22:40.524285: I tensorflow/stream_executor/platform/default/dso_loader.cc:42] Successfully opened dynamic library libcusparse.so.10
2020-10-20 17:22:40.524298: I tensorflow/stream_executor/platform/default/dso_loader.cc:42] Successfully opened dynamic library libcudnn.so.7
2020-10-20 17:22:40.524854: I tensorflow/core/common_runtime/gpu/gpu_device.cc:1763] Adding visible gpu devices: 0
2020-10-20 17:22:40.524904: I tensorflow/core/common_runtime/gpu/gpu_device.cc:1181] Device interconnect StreamExecutor with strength 1 edge matrix:
2020-10-20 17:22:40.524913: I tensorflow/core/common_runtime/gpu/gpu_device.cc:1187]      0 
2020-10-20 17:22:40.524921: I tensorflow/core/common_runtime/gpu/gpu_device.cc:1200] 0:   N 
2020-10-20 17:22:40.525491: I tensorflow/core/common_runtime/gpu/gpu_device.cc:1326] Created TensorFlow device (/job:localhost/replica:0/task:0/device:GPU:0 with 15051 MB memory) -> physical GPU (device: 0, name: Tesla V100-PCIE-16GB, pci bus id: 0000:3b:00.0, compute capability: 7.0)

lambda_1 (Lambda)               (None, None, 1)      0           input_1[0][0]                    
__________________________________________________________________________________________________
multiply_1 (Multiply)           (None, None, 128)    0           dropout_1[0][0]                  
                                                                 lambda_1[0][0]                   
__________________________________________________________________________________________________
crf_1 (CRF)                     (None, None, 3)      402         multiply_1[0][0]                 
==================================================================================================
Total params: 103,715,026
Trainable params: 103,715,026
Non-trainable params: 0
__________________________________________________________________________________________________
load best model weights ...
val
valid evluation: all_acc,f1,sig_acc (0.885335073977502, 0.8868457043393069, 0.9653431953066478)
test
test evluation: all_acc,f1,sig_acc (0.8444299390775891, 0.8408181026981282, 0.9509813802884124)
0.8444 0.8408 0.9510