maxlen 60
learning_rate 5e-05
min_learning_rate 1e-05
bsize 16
need_one True
lstm_unit 64
used_mask True
used_mask0 False
used_wup True
bert_kind tf-bert_wwm_ext
tagkind BIO
model_type DT
acc_type sig_acc
60,5e-05,1e-05,16,True,64,True,False,True,tf-bert_wwm_ext,BIO,DT,sig_acc_10(0.852263,0.842646,0.951798)
最终训练集大小:2298
------------------------------
最终验证集大小:766
------------------------------
最终测试集大小:766
------------------------------
__________________________________________________________________________________________________
Layer (type)                    Output Shape         Param #     Connected to                     
==================================================================================================
input_1 (InputLayer)            (None, None)         0                                            
__________________________________________________________________________________________________
input_2 (InputLayer)            (None, None)         0                                            
__________________________________________________________________________________________________
model_2 (Model)                 multiple             101677056   input_1[0][0]                    
                                                                 input_2[0][0]                    
__________________________________________________________________________________________________
bidirectional_1 (Bidirectional) (None, None, 128)    2037568     model_2[1][0]                    
__________________________________________________________________________________________________
dropout_1 (Dropout)             (None, None, 128)    0           bidirectional_1[0][0]            
__________________________________________________________________________________________________
lambda_1 (Lambda)               (None, None, 1)      0           input_1[0][0]                    
__________________________________________________________________________________________________
multiply_1 (Multiply)           (None, None, 128)    0           dropout_1[0][0]                  
                                                                 lambda_1[0][0]                   
__________________________________________________________________________________________________
crf_1 (CRF)                     (None, None, 3)      402         multiply_1[0][0]                 
==================================================================================================
Total params: 103,715,026
Trainable params: 103,715,026
Non-trainable params: 0
__________________________________________________________________________________________________
Epoch 1/15
 - 66s - loss: 1.1437 - crf_viterbi_accuracy: 0.9350 - val_loss: 1.0442 - val_crf_viterbi_accuracy: 0.9628

/home/hbxiong/.conda/envs/tf/lib/python3.7/site-packages/keras_contrib/layers/crf.py:346: UserWarning: CRF.loss_function is deprecated and it might be removed in the future. Please use losses.crf_loss instead.
  warnings.warn('CRF.loss_function is deprecated '
/home/hbxiong/.conda/envs/tf/lib/python3.7/site-packages/keras_contrib/layers/crf.py:353: UserWarning: CRF.accuracy is deprecated and it might be removed in the future. Please use metrics.crf_accuracy
  warnings.warn('CRF.accuracy is deprecated and it '

  0%|          | 0/48 [00:00<?, ?it/s]
  2%|▏         | 1/48 [00:02<02:18,  2.96s/it]
  6%|▋         | 3/48 [00:03<01:34,  2.09s/it]
  8%|▊         | 4/48 [00:03<01:06,  1.50s/it]
 10%|█         | 5/48 [00:03<00:46,  1.08s/it]
 15%|█▍        | 7/48 [00:03<00:32,  1.27it/s]
 19%|█▉        | 9/48 [00:03<00:22,  1.73it/s]
 23%|██▎       | 11/48 [00:03<00:15,  2.33it/s]
 27%|██▋       | 13/48 [00:04<00:11,  3.05it/s]
 31%|███▏      | 15/48 [00:04<00:08,  3.84it/s]
 35%|███▌      | 17/48 [00:04<00:06,  4.69it/s]
 38%|███▊      | 18/48 [00:04<00:05,  5.38it/s]
 40%|███▉      | 19/48 [00:04<00:04,  6.21it/s]
 42%|████▏     | 20/48 [00:04<00:04,  6.57it/s]
 44%|████▍     | 21/48 [00:04<00:03,  7.18it/s]
 48%|████▊     | 23/48 [00:05<00:03,  7.92it/s]
 50%|█████     | 24/48 [00:05<00:02,  8.25it/s]
 52%|█████▏    | 25/48 [00:05<00:02,  7.85it/s]
 56%|█████▋    | 27/48 [00:05<00:02,  9.02it/s]
 60%|██████    | 29/48 [00:05<00:02,  9.22it/s]
 65%|██████▍   | 31/48 [00:05<00:01,  9.36it/s]
 69%|██████▉   | 33/48 [00:06<00:01,  9.69it/s]
 73%|███████▎  | 35/48 [00:06<00:01, 10.96it/s]
 77%|███████▋  | 37/48 [00:06<00:00, 11.09it/s]
 81%|████████▏ | 39/48 [00:06<00:00, 11.06it/s]
 85%|████████▌ | 41/48 [00:06<00:00, 11.70it/s]
 90%|████████▉ | 43/48 [00:06<00:00, 11.41it/s]
 94%|█████████▍| 45/48 [00:07<00:00, 10.59it/s]
 98%|█████████▊| 47/48 [00:07<00:00, 10.70it/s]
100%|██████████| 48/48 [00:07<00:00,  6.47it/s]save best model weights ...
all_acc: 0.8853, f1: 0.8868, sig_acc: 0.9653, best sig_acc: 0.9653

Epoch 2/15
 - 51s - loss: 1.0762 - crf_viterbi_accuracy: 0.9757 - val_loss: 1.0520 - val_crf_viterbi_accuracy: 0.9570


  0%|          | 0/48 [00:00<?, ?it/s]
  4%|▍         | 2/48 [00:00<00:03, 13.88it/s]
  8%|▊         | 4/48 [00:00<00:03, 12.60it/s]
 12%|█▎        | 6/48 [00:00<00:03, 12.40it/s]
 17%|█▋        | 8/48 [00:00<00:03, 11.48it/s]
 21%|██        | 10/48 [00:00<00:03, 11.69it/s]
 25%|██▌       | 12/48 [00:01<00:03, 11.26it/s]
 29%|██▉       | 14/48 [00:01<00:03, 10.88it/s]
 31%|███▏      | 15/48 [00:01<00:03, 10.14it/s]
 35%|███▌      | 17/48 [00:01<00:03, 10.18it/s]
 38%|███▊      | 18/48 [00:01<00:03,  8.26it/s]
 42%|████▏     | 20/48 [00:01<00:03,  8.70it/s]
 44%|████▍     | 21/48 [00:02<00:03,  8.67it/s]
 46%|████▌     | 22/48 [00:02<00:02,  8.93it/s]
 48%|████▊     | 23/48 [00:02<00:02,  9.18it/s]
 52%|█████▏    | 25/48 [00:02<00:02,  8.79it/s]
 56%|█████▋    | 27/48 [00:02<00:02,  9.92it/s]
 60%|██████    | 29/48 [00:02<00:01,  9.88it/s]
 65%|██████▍   | 31/48 [00:03<00:01, 10.31it/s]
 69%|██████▉   | 33/48 [00:03<00:01, 10.44it/s]
 73%|███████▎  | 35/48 [00:03<00:01, 11.24it/s]
 77%|███████▋  | 37/48 [00:03<00:00, 11.95it/s]
 81%|████████▏ | 39/48 [00:03<00:00, 11.94it/s]
 85%|████████▌ | 41/48 [00:03<00:00, 12.26it/s]
 90%|████████▉ | 43/48 [00:04<00:00, 11.82it/s]
 94%|█████████▍| 45/48 [00:04<00:00, 10.51it/s]
 98%|█████████▊| 47/48 [00:04<00:00, 10.70it/s]
100%|██████████| 48/48 [00:04<00:00, 10.62it/s]all_acc: 0.8268, f1: 0.8273, sig_acc: 0.9565, best sig_acc: 0.9653

Epoch 3/15
 - 51s - loss: 1.0480 - crf_viterbi_accuracy: 0.9863 - val_loss: 1.0689 - val_crf_viterbi_accuracy: 0.9628


  0%|          | 0/48 [00:00<?, ?it/s]
  4%|▍         | 2/48 [00:00<00:03, 13.58it/s]
  8%|▊         | 4/48 [00:00<00:03, 12.15it/s]
 12%|█▎        | 6/48 [00:00<00:03, 11.91it/s]
 17%|█▋        | 8/48 [00:00<00:03, 10.97it/s]
 21%|██        | 10/48 [00:00<00:03, 11.52it/s]
 25%|██▌       | 12/48 [00:01<00:03, 11.45it/s]
 29%|██▉       | 14/48 [00:01<00:03, 10.92it/s]
 31%|███▏      | 15/48 [00:01<00:03,  9.67it/s]
 35%|███▌      | 17/48 [00:01<00:03,  9.89it/s]
 38%|███▊      | 18/48 [00:01<00:03,  8.52it/s]
 42%|████▏     | 20/48 [00:01<00:03,  8.82it/s]
 44%|████▍     | 21/48 [00:02<00:03,  8.71it/s]
 48%|████▊     | 23/48 [00:02<00:02,  9.17it/s]
 50%|█████     | 24/48 [00:02<00:02,  8.70it/s]
 52%|█████▏    | 25/48 [00:02<00:02,  8.21it/s]
 56%|█████▋    | 27/48 [00:02<00:02,  9.09it/s]
 58%|█████▊    | 28/48 [00:02<00:02,  9.01it/s]
 62%|██████▎   | 30/48 [00:02<00:01,  9.93it/s]
 67%|██████▋   | 32/48 [00:03<00:01, 10.40it/s]
 71%|███████   | 34/48 [00:03<00:01, 10.29it/s]
 75%|███████▌  | 36/48 [00:03<00:01, 11.41it/s]
 79%|███████▉  | 38/48 [00:03<00:00, 11.57it/s]
 83%|████████▎ | 40/48 [00:03<00:00, 11.41it/s]
 88%|████████▊ | 42/48 [00:04<00:00, 11.11it/s]
 92%|█████████▏| 44/48 [00:04<00:00, 11.39it/s]
 96%|█████████▌| 46/48 [00:04<00:00, 10.11it/s]
100%|██████████| 48/48 [00:04<00:00,  9.96it/s]
100%|██████████| 48/48 [00:04<00:00, 10.36it/s]all_acc: 0.8748, f1: 0.8761, sig_acc: 0.9651, best sig_acc: 0.9653

Epoch 4/15
 - 50s - loss: 1.0133 - crf_viterbi_accuracy: 0.9901 - val_loss: 1.0409 - val_crf_viterbi_accuracy: 0.9637


  0%|          | 0/48 [00:00<?, ?it/s]
  4%|▍         | 2/48 [00:00<00:03, 12.35it/s]
  8%|▊         | 4/48 [00:00<00:03, 11.82it/s]
 12%|█▎        | 6/48 [00:00<00:03, 11.83it/s]
 15%|█▍        | 7/48 [00:00<00:03, 10.42it/s]
 19%|█▉        | 9/48 [00:00<00:03, 10.90it/s]
 23%|██▎       | 11/48 [00:00<00:03, 10.74it/s]
 27%|██▋       | 13/48 [00:01<00:03, 11.07it/s]
 31%|███▏      | 15/48 [00:01<00:03, 10.28it/s]
 35%|███▌      | 17/48 [00:01<00:03,  9.66it/s]
 38%|███▊      | 18/48 [00:01<00:03,  8.95it/s]
 42%|████▏     | 20/48 [00:01<00:02,  9.35it/s]
 46%|████▌     | 22/48 [00:02<00:02,  9.65it/s]
 48%|████▊     | 23/48 [00:02<00:02,  9.26it/s]
 52%|█████▏    | 25/48 [00:02<00:02,  8.72it/s]
 56%|█████▋    | 27/48 [00:02<00:02,  9.90it/s]
 60%|██████    | 29/48 [00:02<00:01,  9.81it/s]
 65%|██████▍   | 31/48 [00:03<00:01, 10.34it/s]
 69%|██████▉   | 33/48 [00:03<00:01, 10.24it/s]
 73%|███████▎  | 35/48 [00:03<00:01, 11.65it/s]
 77%|███████▋  | 37/48 [00:03<00:00, 11.12it/s]
 81%|████████▏ | 39/48 [00:03<00:00, 10.97it/s]
 85%|████████▌ | 41/48 [00:03<00:00, 11.59it/s]
 90%|████████▉ | 43/48 [00:04<00:00, 10.69it/s]
 94%|█████████▍| 45/48 [00:04<00:00, 10.41it/s]
 98%|█████████▊| 47/48 [00:04<00:00, 10.29it/s]
100%|██████████| 48/48 [00:04<00:00, 10.48it/s]all_acc: 0.8730, f1: 0.8674, sig_acc: 0.9650, best sig_acc: 0.9653

Epoch 5/15
 - 51s - loss: 1.0274 - crf_viterbi_accuracy: 0.9945 - val_loss: 1.0242 - val_crf_viterbi_accuracy: 0.9632


  0%|          | 0/48 [00:00<?, ?it/s]
  4%|▍         | 2/48 [00:00<00:03, 14.53it/s]
  8%|▊         | 4/48 [00:00<00:03, 13.18it/s]
 12%|█▎        | 6/48 [00:00<00:03, 12.82it/s]
 15%|█▍        | 7/48 [00:00<00:03, 10.95it/s]
 19%|█▉        | 9/48 [00:00<00:03, 11.40it/s]
 23%|██▎       | 11/48 [00:00<00:03, 11.37it/s]
 27%|██▋       | 13/48 [00:01<00:03, 11.35it/s]
 31%|███▏      | 15/48 [00:01<00:03, 10.29it/s]
 35%|███▌      | 17/48 [00:01<00:02, 10.40it/s]
 40%|███▉      | 19/48 [00:01<00:03,  9.47it/s]
 42%|████▏     | 20/48 [00:01<00:02,  9.39it/s]
 44%|████▍     | 21/48 [00:02<00:02,  9.10it/s]
 48%|████▊     | 23/48 [00:02<00:02,  9.57it/s]
 50%|█████     | 24/48 [00:02<00:02,  8.99it/s]
 52%|█████▏    | 25/48 [00:02<00:02,  8.43it/s]
 56%|█████▋    | 27/48 [00:02<00:02,  9.14it/s]
 58%|█████▊    | 28/48 [00:02<00:02,  9.02it/s]
 62%|██████▎   | 30/48 [00:02<00:01,  9.41it/s]
 67%|██████▋   | 32/48 [00:03<00:01, 10.45it/s]
 71%|███████   | 34/48 [00:03<00:01, 10.21it/s]
 75%|███████▌  | 36/48 [00:03<00:01, 11.57it/s]
 79%|███████▉  | 38/48 [00:03<00:00, 10.87it/s]
 83%|████████▎ | 40/48 [00:03<00:00, 11.75it/s]
 88%|████████▊ | 42/48 [00:03<00:00, 11.32it/s]
 92%|█████████▏| 44/48 [00:04<00:00, 10.64it/s]
 96%|█████████▌| 46/48 [00:04<00:00, 10.40it/s]
100%|██████████| 48/48 [00:04<00:00, 10.34it/s]
100%|██████████| 48/48 [00:04<00:00, 10.49it/s]all_acc: 0.8718, f1: 0.8744, sig_acc: 0.9639, best sig_acc: 0.9653

Epoch 6/15
 - 51s - loss: 0.9789 - crf_viterbi_accuracy: 0.9957 - val_loss: 1.0799 - val_crf_viterbi_accuracy: 0.9585


  0%|          | 0/48 [00:00<?, ?it/s]
  4%|▍         | 2/48 [00:00<00:03, 14.49it/s]
  8%|▊         | 4/48 [00:00<00:03, 13.06it/s]
 12%|█▎        | 6/48 [00:00<00:03, 12.75it/s]
 15%|█▍        | 7/48 [00:00<00:04, 10.08it/s]
 19%|█▉        | 9/48 [00:00<00:03, 10.62it/s]
 23%|██▎       | 11/48 [00:01<00:03, 10.35it/s]
 27%|██▋       | 13/48 [00:01<00:03, 10.86it/s]
 31%|███▏      | 15/48 [00:01<00:03, 10.18it/s]
 35%|███▌      | 17/48 [00:01<00:03, 10.31it/s]
 40%|███▉      | 19/48 [00:01<00:03,  9.66it/s]
 42%|████▏     | 20/48 [00:01<00:02,  9.72it/s]
 44%|████▍     | 21/48 [00:02<00:02,  9.29it/s]
 48%|████▊     | 23/48 [00:02<00:02,  9.76it/s]
 50%|█████     | 24/48 [00:02<00:02,  9.29it/s]
 52%|█████▏    | 25/48 [00:02<00:02,  8.59it/s]
 56%|█████▋    | 27/48 [00:02<00:02,  9.31it/s]
 58%|█████▊    | 28/48 [00:02<00:02,  9.07it/s]
 62%|██████▎   | 30/48 [00:02<00:01,  9.34it/s]
 67%|██████▋   | 32/48 [00:03<00:01, 10.46it/s]
 71%|███████   | 34/48 [00:03<00:01, 10.08it/s]
 75%|███████▌  | 36/48 [00:03<00:01, 11.48it/s]
 79%|███████▉  | 38/48 [00:03<00:00, 10.90it/s]
 83%|████████▎ | 40/48 [00:03<00:00, 11.74it/s]
 88%|████████▊ | 42/48 [00:03<00:00, 11.12it/s]
 92%|█████████▏| 44/48 [00:04<00:00, 10.77it/s]
 96%|█████████▌| 46/48 [00:04<00:00, 10.31it/s]
100%|██████████| 48/48 [00:04<00:00, 10.09it/s]
100%|██████████| 48/48 [00:04<00:00, 10.42it/s]all_acc: 0.8438, f1: 0.8463, sig_acc: 0.9593, best sig_acc: 0.9653

Epoch 7/15
 - 52s - loss: 1.0124 - crf_viterbi_accuracy: 0.9955 - val_loss: 1.1044 - val_crf_viterbi_accuracy: 0.9590


  0%|          | 0/48 [00:00<?, ?it/s]
  4%|▍         | 2/48 [00:00<00:03, 14.67it/s]
  6%|▋         | 3/48 [00:00<00:03, 12.73it/s]
 10%|█         | 5/48 [00:00<00:03, 12.32it/s]
 15%|█▍        | 7/48 [00:00<00:03, 11.25it/s]
 19%|█▉        | 9/48 [00:00<00:03, 11.62it/s]
 23%|██▎       | 11/48 [00:00<00:03, 11.34it/s]
 27%|██▋       | 13/48 [00:01<00:03, 11.33it/s]
 31%|███▏      | 15/48 [00:01<00:03, 10.19it/s]
 35%|███▌      | 17/48 [00:01<00:03, 10.26it/s]
 38%|███▊      | 18/48 [00:01<00:03,  9.19it/s]
 42%|████▏     | 20/48 [00:01<00:03,  8.74it/s]
 46%|████▌     | 22/48 [00:02<00:02,  9.23it/s]
 48%|████▊     | 23/48 [00:02<00:02,  8.81it/s]
 52%|█████▏    | 25/48 [00:02<00:02,  8.78it/s]
 56%|█████▋    | 27/48 [00:02<00:02,  9.45it/s]
 58%|█████▊    | 28/48 [00:02<00:02,  9.28it/s]
 62%|██████▎   | 30/48 [00:02<00:01,  9.55it/s]
 67%|██████▋   | 32/48 [00:03<00:01, 10.57it/s]
 71%|███████   | 34/48 [00:03<00:01, 10.36it/s]
 75%|███████▌  | 36/48 [00:03<00:01, 11.83it/s]
 79%|███████▉  | 38/48 [00:03<00:00, 11.01it/s]
 83%|████████▎ | 40/48 [00:03<00:00, 10.89it/s]
 88%|████████▊ | 42/48 [00:04<00:00, 11.29it/s]
 92%|█████████▏| 44/48 [00:04<00:00, 10.34it/s]
 96%|█████████▌| 46/48 [00:04<00:00,  9.73it/s]
100%|██████████| 48/48 [00:04<00:00, 10.38it/s]
100%|██████████| 48/48 [00:04<00:00, 10.33it/s]all_acc: 0.8568, f1: 0.8544, sig_acc: 0.9591, best sig_acc: 0.9653

Epoch 8/15
 - 49s - loss: 1.0319 - crf_viterbi_accuracy: 0.9948 - val_loss: 1.0351 - val_crf_viterbi_accuracy: 0.9622


  0%|          | 0/48 [00:00<?, ?it/s]
  4%|▍         | 2/48 [00:00<00:03, 15.06it/s]
  8%|▊         | 4/48 [00:00<00:02, 14.70it/s]
 12%|█▎        | 6/48 [00:00<00:03, 13.77it/s]
 17%|█▋        | 8/48 [00:00<00:03, 12.89it/s]
 21%|██        | 10/48 [00:00<00:02, 13.03it/s]
 25%|██▌       | 12/48 [00:00<00:02, 13.35it/s]
 29%|██▉       | 14/48 [00:01<00:02, 12.36it/s]
 33%|███▎      | 16/48 [00:01<00:02, 12.38it/s]
 38%|███▊      | 18/48 [00:01<00:02, 11.45it/s]
 42%|████▏     | 20/48 [00:01<00:02, 10.68it/s]
 46%|████▌     | 22/48 [00:01<00:02, 10.41it/s]
 50%|█████     | 24/48 [00:02<00:02, 10.63it/s]
 54%|█████▍    | 26/48 [00:02<00:02, 10.74it/s]
 58%|█████▊    | 28/48 [00:02<00:01, 10.87it/s]
 62%|██████▎   | 30/48 [00:02<00:01, 11.38it/s]
 67%|██████▋   | 32/48 [00:02<00:01, 12.19it/s]
 71%|███████   | 34/48 [00:02<00:01, 12.26it/s]
 75%|███████▌  | 36/48 [00:02<00:00, 13.38it/s]
 79%|███████▉  | 38/48 [00:03<00:00, 12.94it/s]
 83%|████████▎ | 40/48 [00:03<00:00, 12.89it/s]
 88%|████████▊ | 42/48 [00:03<00:00, 12.95it/s]
 92%|█████████▏| 44/48 [00:03<00:00, 12.83it/s]
 96%|█████████▌| 46/48 [00:03<00:00, 11.81it/s]
100%|██████████| 48/48 [00:03<00:00, 12.35it/s]
100%|██████████| 48/48 [00:03<00:00, 12.06it/s]all_acc: 0.8611, f1: 0.8576, sig_acc: 0.9634, best sig_acc: 0.9653

Epoch 9/15
 - 49s - loss: 1.0267 - crf_viterbi_accuracy: 0.9965 - val_loss: 1.1158 - val_crf_viterbi_accuracy: 0.9607


  0%|          | 0/48 [00:00<?, ?it/s]
  4%|▍         | 2/48 [00:00<00:03, 14.85it/s]
  8%|▊         | 4/48 [00:00<00:03, 14.48it/s]
 12%|█▎        | 6/48 [00:00<00:03, 13.57it/s]
 17%|█▋        | 8/48 [00:00<00:03, 12.90it/s]
 21%|██        | 10/48 [00:00<00:02, 13.29it/s]
 25%|██▌       | 12/48 [00:00<00:02, 13.67it/s]
 29%|██▉       | 14/48 [00:01<00:02, 12.52it/s]
 33%|███▎      | 16/48 [00:01<00:02, 12.47it/s]
 38%|███▊      | 18/48 [00:01<00:02, 11.40it/s]
 42%|████▏     | 20/48 [00:01<00:02, 11.14it/s]
 46%|████▌     | 22/48 [00:01<00:02, 11.17it/s]
 50%|█████     | 24/48 [00:02<00:02, 11.22it/s]
 54%|█████▍    | 26/48 [00:02<00:01, 11.14it/s]
 58%|█████▊    | 28/48 [00:02<00:01, 11.12it/s]
 62%|██████▎   | 30/48 [00:02<00:01, 11.76it/s]
 67%|██████▋   | 32/48 [00:02<00:01, 12.66it/s]
 71%|███████   | 34/48 [00:02<00:01, 12.56it/s]
 75%|███████▌  | 36/48 [00:02<00:00, 13.79it/s]
 79%|███████▉  | 38/48 [00:03<00:00, 13.59it/s]
 83%|████████▎ | 40/48 [00:03<00:00, 14.06it/s]
 88%|████████▊ | 42/48 [00:03<00:00, 13.68it/s]
 92%|█████████▏| 44/48 [00:03<00:00, 12.84it/s]
 96%|█████████▌| 46/48 [00:03<00:00, 11.88it/s]
100%|██████████| 48/48 [00:03<00:00, 12.13it/s]
100%|██████████| 48/48 [00:03<00:00, 12.33it/s]all_acc: 0.8589, f1: 0.8587, sig_acc: 0.9615, best sig_acc: 0.9653

Epoch 10/15
 - 46s - loss: 1.0130 - crf_viterbi_accuracy: 0.9956 - val_loss: 1.0744 - val_crf_viterbi_accuracy: 0.9519


  0%|          | 0/48 [00:00<?, ?it/s]
  4%|▍         | 2/48 [00:00<00:02, 17.54it/s]
  8%|▊         | 4/48 [00:00<00:02, 16.92it/s]
 12%|█▎        | 6/48 [00:00<00:02, 15.94it/s]
 17%|█▋        | 8/48 [00:00<00:02, 15.12it/s]
 21%|██        | 10/48 [00:00<00:02, 15.29it/s]
 25%|██▌       | 12/48 [00:00<00:02, 15.08it/s]
 29%|██▉       | 14/48 [00:00<00:02, 14.37it/s]
 33%|███▎      | 16/48 [00:01<00:02, 14.36it/s]
 38%|███▊      | 18/48 [00:01<00:02, 13.27it/s]
 42%|████▏     | 20/48 [00:01<00:02, 12.79it/s]
 46%|████▌     | 22/48 [00:01<00:01, 13.10it/s]
 50%|█████     | 24/48 [00:01<00:01, 12.90it/s]
 54%|█████▍    | 26/48 [00:01<00:01, 12.85it/s]
 58%|█████▊    | 28/48 [00:02<00:01, 12.85it/s]
 62%|██████▎   | 30/48 [00:02<00:01, 13.48it/s]
 67%|██████▋   | 32/48 [00:02<00:01, 14.30it/s]
 71%|███████   | 34/48 [00:02<00:00, 14.54it/s]
 75%|███████▌  | 36/48 [00:02<00:00, 15.84it/s]
 79%|███████▉  | 38/48 [00:02<00:00, 15.53it/s]
 83%|████████▎ | 40/48 [00:02<00:00, 15.92it/s]
 88%|████████▊ | 42/48 [00:02<00:00, 15.35it/s]
 92%|█████████▏| 44/48 [00:03<00:00, 14.98it/s]
 96%|█████████▌| 46/48 [00:03<00:00, 13.81it/s]
100%|██████████| 48/48 [00:03<00:00, 13.91it/s]
100%|██████████| 48/48 [00:03<00:00, 14.17it/s]all_acc: 0.8225, f1: 0.8151, sig_acc: 0.9543, best sig_acc: 0.9653

Epoch 11/15
 - 47s - loss: 1.0145 - crf_viterbi_accuracy: 0.9969 - val_loss: 1.0999 - val_crf_viterbi_accuracy: 0.9541


  0%|          | 0/48 [00:00<?, ?it/s]
  4%|▍         | 2/48 [00:00<00:03, 14.98it/s]
  8%|▊         | 4/48 [00:00<00:03, 13.38it/s]
 12%|█▎        | 6/48 [00:00<00:03, 12.79it/s]
 15%|█▍        | 7/48 [00:00<00:03, 10.42it/s]
 19%|█▉        | 9/48 [00:00<00:03, 10.90it/s]
 21%|██        | 10/48 [00:00<00:03,  9.83it/s]
 25%|██▌       | 12/48 [00:01<00:03, 10.64it/s]
 29%|██▉       | 14/48 [00:01<00:03,  9.99it/s]
 31%|███▏      | 15/48 [00:01<00:03,  9.97it/s]
 35%|███▌      | 17/48 [00:01<00:03,  9.47it/s]
 38%|███▊      | 18/48 [00:01<00:03,  9.25it/s]
 42%|████▏     | 20/48 [00:01<00:03,  9.11it/s]
 46%|████▌     | 22/48 [00:02<00:02,  9.58it/s]
 50%|█████     | 24/48 [00:02<00:02,  9.28it/s]
 52%|█████▏    | 25/48 [00:02<00:02,  8.63it/s]
 56%|█████▋    | 27/48 [00:02<00:02,  9.27it/s]
 58%|█████▊    | 28/48 [00:02<00:02,  9.08it/s]
 62%|██████▎   | 30/48 [00:03<00:01,  9.47it/s]
 67%|██████▋   | 32/48 [00:03<00:01, 10.49it/s]
 71%|███████   | 34/48 [00:03<00:01, 10.34it/s]
 75%|███████▌  | 36/48 [00:03<00:01, 11.69it/s]
 79%|███████▉  | 38/48 [00:03<00:00, 11.44it/s]
 83%|████████▎ | 40/48 [00:03<00:00, 12.09it/s]
 88%|████████▊ | 42/48 [00:03<00:00, 11.52it/s]
 92%|█████████▏| 44/48 [00:04<00:00, 11.46it/s]
 96%|█████████▌| 46/48 [00:04<00:00, 10.33it/s]
100%|██████████| 48/48 [00:04<00:00, 11.05it/s]
100%|██████████| 48/48 [00:04<00:00, 10.53it/s]all_acc: 0.8381, f1: 0.8319, sig_acc: 0.9566, best sig_acc: 0.9653

Epoch 12/15
 - 50s - loss: 1.0145 - crf_viterbi_accuracy: 0.9975 - val_loss: 1.1053 - val_crf_viterbi_accuracy: 0.9620


  0%|          | 0/48 [00:00<?, ?it/s]
  4%|▍         | 2/48 [00:00<00:03, 14.73it/s]
  8%|▊         | 4/48 [00:00<00:03, 14.16it/s]
 12%|█▎        | 6/48 [00:00<00:03, 13.08it/s]
 17%|█▋        | 8/48 [00:00<00:03, 12.41it/s]
 21%|██        | 10/48 [00:00<00:03, 12.19it/s]
 25%|██▌       | 12/48 [00:00<00:02, 12.55it/s]
 29%|██▉       | 14/48 [00:01<00:03, 11.25it/s]
 33%|███▎      | 16/48 [00:01<00:02, 11.12it/s]
 38%|███▊      | 18/48 [00:01<00:02, 10.64it/s]
 42%|████▏     | 20/48 [00:01<00:02, 11.00it/s]
 46%|████▌     | 22/48 [00:01<00:02, 11.76it/s]
 50%|█████     | 24/48 [00:02<00:01, 12.26it/s]
 54%|█████▍    | 26/48 [00:02<00:01, 12.41it/s]
 58%|█████▊    | 28/48 [00:02<00:01, 12.65it/s]
 62%|██████▎   | 30/48 [00:02<00:01, 13.54it/s]
 67%|██████▋   | 32/48 [00:02<00:01, 14.54it/s]
 71%|███████   | 34/48 [00:02<00:00, 14.93it/s]
 77%|███████▋  | 37/48 [00:02<00:00, 15.84it/s]
 81%|████████▏ | 39/48 [00:02<00:00, 15.87it/s]
 85%|████████▌ | 41/48 [00:03<00:00, 16.50it/s]
 90%|████████▉ | 43/48 [00:03<00:00, 14.82it/s]
 94%|█████████▍| 45/48 [00:03<00:00, 12.42it/s]
 98%|█████████▊| 47/48 [00:03<00:00, 12.17it/s]
100%|██████████| 48/48 [00:03<00:00, 12.72it/s]all_acc: 0.8644, f1: 0.8644, sig_acc: 0.9645, best sig_acc: 0.9653

Epoch 13/15
 - 51s - loss: 1.0125 - crf_viterbi_accuracy: 0.9986 - val_loss: 1.1069 - val_crf_viterbi_accuracy: 0.9574


  0%|          | 0/48 [00:00<?, ?it/s]
  4%|▍         | 2/48 [00:00<00:03, 14.31it/s]
  8%|▊         | 4/48 [00:00<00:03, 13.37it/s]
 10%|█         | 5/48 [00:00<00:03, 11.97it/s]
 12%|█▎        | 6/48 [00:00<00:03, 11.03it/s]
 17%|█▋        | 8/48 [00:00<00:03, 11.07it/s]
 21%|██        | 10/48 [00:00<00:03, 11.22it/s]
 25%|██▌       | 12/48 [00:01<00:03, 11.71it/s]
 29%|██▉       | 14/48 [00:01<00:03, 10.77it/s]
 33%|███▎      | 16/48 [00:01<00:03, 10.31it/s]
 35%|███▌      | 17/48 [00:01<00:03,  9.40it/s]
 38%|███▊      | 18/48 [00:01<00:03,  8.82it/s]
 42%|████▏     | 20/48 [00:01<00:03,  8.76it/s]
 46%|████▌     | 22/48 [00:02<00:02,  9.01it/s]
 50%|█████     | 24/48 [00:02<00:02,  9.23it/s]
 52%|█████▏    | 25/48 [00:02<00:02,  8.43it/s]
 56%|█████▋    | 27/48 [00:02<00:02,  9.60it/s]
 60%|██████    | 29/48 [00:02<00:02,  9.38it/s]
 62%|██████▎   | 30/48 [00:02<00:01,  9.29it/s]
 67%|██████▋   | 32/48 [00:03<00:01, 10.25it/s]
 71%|███████   | 34/48 [00:03<00:01, 10.28it/s]
 75%|███████▌  | 36/48 [00:03<00:01, 11.27it/s]
 79%|███████▉  | 38/48 [00:03<00:00, 11.23it/s]
 83%|████████▎ | 40/48 [00:03<00:00, 11.91it/s]
 88%|████████▊ | 42/48 [00:03<00:00, 11.69it/s]
 92%|█████████▏| 44/48 [00:04<00:00, 11.37it/s]
 96%|█████████▌| 46/48 [00:04<00:00, 10.83it/s]
100%|██████████| 48/48 [00:04<00:00, 11.29it/s]
100%|██████████| 48/48 [00:04<00:00, 10.63it/s]all_acc: 0.8372, f1: 0.8355, sig_acc: 0.9601, best sig_acc: 0.9653

Epoch 14/15
 - 51s - loss: 1.0184 - crf_viterbi_accuracy: 0.9984 - val_loss: 1.1569 - val_crf_viterbi_accuracy: 0.9595


  0%|          | 0/48 [00:00<?, ?it/s]
  4%|▍         | 2/48 [00:00<00:04, 10.94it/s]
  8%|▊         | 4/48 [00:00<00:03, 11.40it/s]
 12%|█▎        | 6/48 [00:00<00:03, 10.88it/s]
 15%|█▍        | 7/48 [00:00<00:03, 10.44it/s]
 19%|█▉        | 9/48 [00:00<00:03, 11.03it/s]
 21%|██        | 10/48 [00:00<00:03, 10.11it/s]
 25%|██▌       | 12/48 [00:01<00:03, 10.74it/s]
 29%|██▉       | 14/48 [00:01<00:03, 10.81it/s]
 33%|███▎      | 16/48 [00:01<00:03, 10.02it/s]
 35%|███▌      | 17/48 [00:01<00:03,  9.79it/s]
 38%|███▊      | 18/48 [00:01<00:03,  8.67it/s]
 42%|████▏     | 20/48 [00:01<00:03,  8.97it/s]
 44%|████▍     | 21/48 [00:02<00:03,  8.97it/s]
 48%|████▊     | 23/48 [00:02<00:02,  9.45it/s]
 50%|█████     | 24/48 [00:02<00:02,  8.97it/s]
 52%|█████▏    | 25/48 [00:02<00:02,  8.55it/s]
 56%|█████▋    | 27/48 [00:02<00:02,  9.54it/s]
 60%|██████    | 29/48 [00:02<00:01,  9.82it/s]
 65%|██████▍   | 31/48 [00:03<00:01,  9.76it/s]
 69%|██████▉   | 33/48 [00:03<00:01, 10.37it/s]
 73%|███████▎  | 35/48 [00:03<00:01, 10.67it/s]
 77%|███████▋  | 37/48 [00:03<00:00, 11.49it/s]
 81%|████████▏ | 39/48 [00:03<00:00, 10.85it/s]
 85%|████████▌ | 41/48 [00:03<00:00, 11.56it/s]
 90%|████████▉ | 43/48 [00:04<00:00, 11.11it/s]
 94%|█████████▍| 45/48 [00:04<00:00, 10.63it/s]
 98%|█████████▊| 47/48 [00:04<00:00, 10.26it/s]
100%|██████████| 48/48 [00:04<00:00, 10.45it/s]all_acc: 0.8584, f1: 0.8532, sig_acc: 0.9625, best sig_acc: 0.9653

Epoch 15/15
 - 51s - loss: 1.0311 - crf_viterbi_accuracy: 0.9993 - val_loss: 1.1702 - val_crf_viterbi_accuracy: 0.9595


  0%|          | 0/48 [00:00<?, ?it/s]
  4%|▍         | 2/48 [00:00<00:03, 12.06it/s]
  8%|▊         | 4/48 [00:00<00:03, 12.50it/s]
 10%|█         | 5/48 [00:00<00:03, 10.92it/s]
 15%|█▍        | 7/48 [00:00<00:03, 11.01it/s]
 19%|█▉        | 9/48 [00:00<00:03, 10.83it/s]
 23%|██▎       | 11/48 [00:00<00:03, 11.61it/s]
 27%|██▋       | 13/48 [00:01<00:03, 11.04it/s]
 31%|███▏      | 15/48 [00:01<00:03, 10.86it/s]
 35%|███▌      | 17/48 [00:01<00:03, 10.26it/s]
 38%|███▊      | 18/48 [00:01<00:02, 10.02it/s]
 40%|███▉      | 19/48 [00:01<00:03,  8.97it/s]
 42%|████▏     | 20/48 [00:01<00:03,  8.88it/s]
 46%|████▌     | 22/48 [00:02<00:02,  9.24it/s]
 48%|████▊     | 23/48 [00:02<00:02,  9.39it/s]
 52%|█████▏    | 25/48 [00:02<00:02,  8.86it/s]
 56%|█████▋    | 27/48 [00:02<00:02, 10.11it/s]
 60%|██████    | 29/48 [00:02<00:01, 10.00it/s]
 65%|██████▍   | 31/48 [00:02<00:01, 10.60it/s]
 69%|██████▉   | 33/48 [00:03<00:01, 10.67it/s]
 73%|███████▎  | 35/48 [00:03<00:01, 11.84it/s]
 77%|███████▋  | 37/48 [00:03<00:00, 11.43it/s]
 81%|████████▏ | 39/48 [00:03<00:00, 11.81it/s]
 85%|████████▌ | 41/48 [00:03<00:00, 11.42it/s]
 90%|████████▉ | 43/48 [00:04<00:00, 10.87it/s]
 94%|█████████▍| 45/48 [00:04<00:00, 10.52it/s]
 98%|█████████▊| 47/48 [00:04<00:00, 10.21it/s]
100%|██████████| 48/48 [00:04<00:00, 10.64it/s]

  0%|          | 0/766 [00:00<?, ?it/s]
  0%|          | 3/766 [00:00<00:37, 20.40it/s]
  1%|          | 6/766 [00:00<00:36, 20.67it/s]
  1%|          | 8/766 [00:00<00:42, 17.99it/s]
  1%|▏         | 11/766 [00:00<00:39, 19.26it/s]
  2%|▏         | 13/766 [00:00<00:42, 17.73it/s]
  2%|▏         | 16/766 [00:00<00:40, 18.49it/s]
  2%|▏         | 18/766 [00:00<00:43, 17.06it/s]
  3%|▎         | 21/766 [00:01<00:41, 18.00it/s]
  3%|▎         | 23/766 [00:01<00:44, 16.84it/s]
  3%|▎         | 25/766 [00:01<00:42, 17.47it/s]
  4%|▎         | 28/766 [00:01<00:40, 18.20it/s]
  4%|▍         | 31/766 [00:01<00:42, 17.17it/s]
  4%|▍         | 34/766 [00:01<00:40, 18.24it/s]
  5%|▍         | 36/766 [00:01<00:43, 16.86it/s]
  5%|▍         | 38/766 [00:02<00:42, 17.19it/s]
  5%|▌         | 41/766 [00:02<00:39, 18.39it/s]
  6%|▌         | 44/766 [00:02<00:40, 17.61it/s]
  6%|▌         | 46/766 [00:02<00:40, 17.99it/s]
  6%|▋         | 49/766 [00:02<00:38, 18.55it/s]
  7%|▋         | 51/766 [00:02<00:42, 16.97it/s]
  7%|▋         | 53/766 [00:02<00:41, 17.31it/s]
  7%|▋         | 55/766 [00:03<00:40, 17.41it/s]
  7%|▋         | 57/766 [00:03<00:42, 16.68it/s]
  8%|▊         | 60/766 [00:03<00:40, 17.41it/s]
  8%|▊         | 62/766 [00:03<00:41, 16.93it/s]
  8%|▊         | 64/766 [00:03<00:41, 17.00it/s]
  9%|▊         | 66/766 [00:03<00:41, 16.75it/s]
  9%|▉         | 68/766 [00:03<00:40, 17.16it/s]
  9%|▉         | 70/766 [00:03<00:47, 14.55it/s]
  9%|▉         | 72/766 [00:04<00:45, 15.32it/s]
 10%|▉         | 75/766 [00:04<00:42, 16.18it/s]
 10%|█         | 77/766 [00:04<00:41, 16.69it/s]
 10%|█         | 79/766 [00:04<00:39, 17.21it/s]
 11%|█         | 81/766 [00:04<00:38, 17.82it/s]
 11%|█         | 83/766 [00:04<00:38, 17.61it/s]
 11%|█         | 85/766 [00:04<00:39, 17.39it/s]
 11%|█▏        | 87/766 [00:04<00:39, 17.32it/s]
 12%|█▏        | 89/766 [00:05<00:37, 17.93it/s]
 12%|█▏        | 91/766 [00:05<00:36, 18.25it/s]
 12%|█▏        | 93/766 [00:05<00:37, 18.14it/s]
 12%|█▏        | 95/766 [00:05<00:36, 18.26it/s]
 13%|█▎        | 97/766 [00:05<00:38, 17.44it/s]
 13%|█▎        | 100/766 [00:05<00:36, 18.30it/s]
 13%|█▎        | 102/766 [00:05<00:40, 16.30it/s]
 14%|█▎        | 104/766 [00:05<00:38, 17.25it/s]
 14%|█▍        | 107/766 [00:06<00:37, 17.77it/s]
 14%|█▍        | 109/766 [00:06<00:36, 18.00it/s]
 14%|█▍        | 111/766 [00:06<00:38, 17.21it/s]
 15%|█▍        | 113/766 [00:06<00:36, 17.82it/s]
 15%|█▌        | 115/766 [00:06<00:36, 17.93it/s]
 15%|█▌        | 117/766 [00:06<00:35, 18.10it/s]
 16%|█▌        | 119/766 [00:06<00:37, 17.48it/s]
 16%|█▌        | 121/766 [00:06<00:36, 17.68it/s]
 16%|█▌        | 123/766 [00:06<00:38, 16.73it/s]
 16%|█▋        | 125/766 [00:07<00:37, 17.13it/s]
 17%|█▋        | 128/766 [00:07<00:35, 17.90it/s]
 17%|█▋        | 130/766 [00:07<00:36, 17.62it/s]
 17%|█▋        | 133/766 [00:07<00:36, 17.39it/s]
 18%|█▊        | 135/766 [00:07<00:36, 17.23it/s]
 18%|█▊        | 137/766 [00:07<00:35, 17.64it/s]
 18%|█▊        | 140/766 [00:07<00:34, 17.91it/s]
 19%|█▊        | 142/766 [00:08<00:34, 18.19it/s]
 19%|█▉        | 144/766 [00:08<00:34, 18.01it/s]
 19%|█▉        | 146/766 [00:08<00:33, 18.30it/s]
 19%|█▉        | 148/766 [00:08<00:33, 18.39it/s]
 20%|█▉        | 150/766 [00:08<00:35, 17.44it/s]
 20%|█▉        | 152/766 [00:08<00:36, 16.94it/s]
 20%|██        | 154/766 [00:08<00:34, 17.50it/s]
 20%|██        | 156/766 [00:08<00:34, 17.61it/s]
 21%|██        | 158/766 [00:08<00:34, 17.66it/s]
 21%|██        | 160/766 [00:09<00:33, 17.95it/s]
 21%|██        | 162/766 [00:09<00:33, 18.08it/s]
 22%|██▏       | 165/766 [00:09<00:32, 18.50it/s]
 22%|██▏       | 167/766 [00:09<00:33, 18.05it/s]
 22%|██▏       | 170/766 [00:09<00:31, 19.12it/s]
 22%|██▏       | 172/766 [00:09<00:33, 17.62it/s]
 23%|██▎       | 175/766 [00:09<00:32, 18.24it/s]
 23%|██▎       | 178/766 [00:10<00:31, 18.41it/s]
 24%|██▎       | 181/766 [00:10<00:30, 18.99it/s]
 24%|██▍       | 183/766 [00:10<00:31, 18.55it/s]
 24%|██▍       | 185/766 [00:10<00:30, 18.87it/s]
 25%|██▍       | 188/766 [00:10<00:30, 19.10it/s]
 25%|██▍       | 191/766 [00:10<00:29, 19.56it/s]
 25%|██▌       | 193/766 [00:10<00:29, 19.30it/s]
 25%|██▌       | 195/766 [00:10<00:30, 18.94it/s]
 26%|██▌       | 197/766 [00:11<00:31, 18.21it/s]
 26%|██▌       | 199/766 [00:11<00:34, 16.46it/s]
 26%|██▌       | 201/766 [00:11<00:36, 15.38it/s]
 27%|██▋       | 203/766 [00:11<00:34, 16.38it/s]
 27%|██▋       | 205/766 [00:11<00:36, 15.17it/s]
 27%|██▋       | 207/766 [00:11<00:35, 15.91it/s]
 27%|██▋       | 209/766 [00:11<00:39, 13.95it/s]
 28%|██▊       | 212/766 [00:12<00:36, 15.29it/s]
 28%|██▊       | 214/766 [00:12<00:37, 14.66it/s]
 28%|██▊       | 216/766 [00:12<00:35, 15.41it/s]
 29%|██▊       | 219/766 [00:12<00:32, 16.65it/s]
 29%|██▉       | 221/766 [00:12<00:35, 15.50it/s]
 29%|██▉       | 224/766 [00:12<00:34, 15.69it/s]
 30%|██▉       | 226/766 [00:12<00:36, 14.66it/s]
 30%|██▉       | 228/766 [00:13<00:34, 15.52it/s]
 30%|███       | 230/766 [00:13<00:35, 15.04it/s]
 30%|███       | 232/766 [00:13<00:33, 16.01it/s]
 31%|███       | 234/766 [00:13<00:31, 16.65it/s]
 31%|███       | 236/766 [00:13<00:34, 15.53it/s]
 31%|███       | 238/766 [00:13<00:32, 16.49it/s]
 31%|███▏      | 240/766 [00:13<00:33, 15.68it/s]
 32%|███▏      | 242/766 [00:13<00:33, 15.73it/s]
 32%|███▏      | 244/766 [00:14<00:32, 16.03it/s]
 32%|███▏      | 246/766 [00:14<00:35, 14.70it/s]
 32%|███▏      | 248/766 [00:14<00:35, 14.57it/s]
 33%|███▎      | 250/766 [00:14<00:34, 14.79it/s]
 33%|███▎      | 253/766 [00:14<00:31, 16.13it/s]
 33%|███▎      | 255/766 [00:14<00:33, 15.19it/s]
 34%|███▎      | 257/766 [00:14<00:31, 16.12it/s]
 34%|███▍      | 259/766 [00:15<00:33, 15.08it/s]
 34%|███▍      | 261/766 [00:15<00:31, 16.23it/s]
 34%|███▍      | 263/766 [00:15<00:36, 13.83it/s]
 35%|███▍      | 266/766 [00:15<00:31, 15.91it/s]
 35%|███▍      | 268/766 [00:15<00:32, 15.29it/s]
 35%|███▌      | 270/766 [00:15<00:30, 16.37it/s]
 36%|███▌      | 273/766 [00:15<00:32, 15.03it/s]
 36%|███▌      | 275/766 [00:16<00:31, 15.58it/s]
 36%|███▋      | 278/766 [00:16<00:29, 16.68it/s]
 37%|███▋      | 280/766 [00:16<00:30, 15.92it/s]
 37%|███▋      | 282/766 [00:16<00:29, 16.58it/s]
 37%|███▋      | 284/766 [00:16<00:28, 16.77it/s]
 37%|███▋      | 286/766 [00:16<00:32, 14.97it/s]
 38%|███▊      | 288/766 [00:16<00:30, 15.74it/s]
 38%|███▊      | 290/766 [00:17<00:34, 13.89it/s]
 38%|███▊      | 293/766 [00:17<00:30, 15.54it/s]
 39%|███▊      | 295/766 [00:17<00:33, 14.11it/s]
 39%|███▉      | 297/766 [00:17<00:31, 14.98it/s]
 39%|███▉      | 300/766 [00:17<00:30, 15.34it/s]
 39%|███▉      | 302/766 [00:17<00:30, 15.39it/s]
 40%|███▉      | 304/766 [00:17<00:28, 16.32it/s]
 40%|███▉      | 306/766 [00:18<00:31, 14.54it/s]
 40%|████      | 308/766 [00:18<00:30, 15.02it/s]
 40%|████      | 310/766 [00:18<00:33, 13.74it/s]
 41%|████      | 312/766 [00:18<00:33, 13.73it/s]
 41%|████      | 314/766 [00:18<00:31, 14.32it/s]
 41%|████▏     | 316/766 [00:18<00:29, 15.41it/s]
 42%|████▏     | 318/766 [00:18<00:31, 14.06it/s]
 42%|████▏     | 320/766 [00:19<00:31, 14.11it/s]
 42%|████▏     | 322/766 [00:19<00:32, 13.61it/s]
 42%|████▏     | 324/766 [00:19<00:32, 13.73it/s]
 43%|████▎     | 326/766 [00:19<00:32, 13.58it/s]
 43%|████▎     | 328/766 [00:19<00:30, 14.29it/s]
 43%|████▎     | 331/766 [00:19<00:28, 15.27it/s]
 43%|████▎     | 333/766 [00:19<00:30, 14.24it/s]
 44%|████▍     | 336/766 [00:20<00:27, 15.51it/s]
 44%|████▍     | 338/766 [00:20<00:27, 15.34it/s]
 44%|████▍     | 340/766 [00:20<00:27, 15.65it/s]
 45%|████▍     | 342/766 [00:20<00:30, 13.87it/s]
 45%|████▍     | 344/766 [00:20<00:28, 14.86it/s]
 45%|████▌     | 346/766 [00:20<00:29, 14.47it/s]
 45%|████▌     | 348/766 [00:20<00:27, 15.28it/s]
 46%|████▌     | 350/766 [00:20<00:26, 15.64it/s]
 46%|████▌     | 352/766 [00:21<00:28, 14.51it/s]
 46%|████▌     | 354/766 [00:21<00:28, 14.70it/s]
 46%|████▋     | 356/766 [00:21<00:26, 15.23it/s]
 47%|████▋     | 359/766 [00:21<00:26, 15.53it/s]
 47%|████▋     | 361/766 [00:21<00:26, 15.27it/s]
 47%|████▋     | 363/766 [00:21<00:26, 15.49it/s]
 48%|████▊     | 365/766 [00:21<00:25, 15.83it/s]
 48%|████▊     | 367/766 [00:22<00:28, 13.87it/s]
 48%|████▊     | 369/766 [00:22<00:27, 14.49it/s]
 48%|████▊     | 371/766 [00:22<00:27, 14.53it/s]
 49%|████▊     | 373/766 [00:22<00:25, 15.25it/s]
 49%|████▉     | 375/766 [00:22<00:25, 15.56it/s]
 49%|████▉     | 377/766 [00:22<00:26, 14.53it/s]
 49%|████▉     | 379/766 [00:22<00:24, 15.77it/s]
 50%|████▉     | 381/766 [00:23<00:25, 15.17it/s]
 50%|█████     | 383/766 [00:23<00:25, 15.12it/s]
 50%|█████     | 385/766 [00:23<00:24, 15.40it/s]
 51%|█████     | 387/766 [00:23<00:24, 15.38it/s]
 51%|█████     | 389/766 [00:23<00:25, 14.65it/s]
 51%|█████     | 391/766 [00:23<00:24, 15.26it/s]
 51%|█████▏    | 393/766 [00:23<00:27, 13.74it/s]
 52%|█████▏    | 395/766 [00:24<00:26, 13.90it/s]
 52%|█████▏    | 397/766 [00:24<00:24, 15.24it/s]
 52%|█████▏    | 399/766 [00:24<00:25, 14.60it/s]
 52%|█████▏    | 401/766 [00:24<00:23, 15.79it/s]
 53%|█████▎    | 404/766 [00:24<00:22, 15.91it/s]
 53%|█████▎    | 406/766 [00:24<00:21, 16.61it/s]
 53%|█████▎    | 408/766 [00:24<00:20, 17.46it/s]
 54%|█████▎    | 410/766 [00:24<00:22, 16.11it/s]
 54%|█████▍    | 412/766 [00:25<00:20, 16.98it/s]
 54%|█████▍    | 415/766 [00:25<00:20, 16.81it/s]
 54%|█████▍    | 417/766 [00:25<00:20, 17.03it/s]
 55%|█████▍    | 419/766 [00:25<00:19, 17.50it/s]
 55%|█████▍    | 421/766 [00:25<00:20, 17.06it/s]
 55%|█████▌    | 423/766 [00:25<00:19, 17.19it/s]
 55%|█████▌    | 425/766 [00:25<00:19, 17.57it/s]
 56%|█████▌    | 427/766 [00:25<00:20, 16.39it/s]
 56%|█████▌    | 429/766 [00:26<00:20, 16.76it/s]
 56%|█████▋    | 431/766 [00:26<00:19, 17.51it/s]
 57%|█████▋    | 433/766 [00:26<00:19, 17.11it/s]
 57%|█████▋    | 436/766 [00:26<00:18, 18.26it/s]
 57%|█████▋    | 439/766 [00:26<00:16, 19.85it/s]
 58%|█████▊    | 442/766 [00:26<00:16, 19.30it/s]
 58%|█████▊    | 444/766 [00:26<00:18, 17.04it/s]
 58%|█████▊    | 446/766 [00:27<00:21, 14.98it/s]
 58%|█████▊    | 448/766 [00:27<00:20, 15.87it/s]
 59%|█████▉    | 451/766 [00:27<00:19, 16.01it/s]
 59%|█████▉    | 454/766 [00:27<00:18, 17.27it/s]
 60%|█████▉    | 457/766 [00:27<00:18, 16.75it/s]
 60%|██████    | 460/766 [00:27<00:17, 17.71it/s]
 60%|██████    | 462/766 [00:27<00:18, 16.76it/s]
 61%|██████    | 465/766 [00:28<00:16, 17.75it/s]
 61%|██████    | 467/766 [00:28<00:17, 16.75it/s]
 61%|██████    | 469/766 [00:28<00:17, 17.39it/s]
 62%|██████▏   | 472/766 [00:28<00:16, 18.25it/s]
 62%|██████▏   | 474/766 [00:28<00:17, 16.23it/s]
 62%|██████▏   | 476/766 [00:28<00:18, 15.99it/s]
 62%|██████▏   | 478/766 [00:28<00:19, 15.04it/s]
 63%|██████▎   | 480/766 [00:28<00:17, 16.11it/s]
 63%|██████▎   | 483/766 [00:29<00:16, 17.24it/s]
 63%|██████▎   | 485/766 [00:29<00:17, 16.31it/s]
 64%|██████▎   | 487/766 [00:29<00:17, 16.35it/s]
 64%|██████▍   | 489/766 [00:29<00:16, 16.37it/s]
 64%|██████▍   | 491/766 [00:29<00:17, 15.67it/s]
 64%|██████▍   | 493/766 [00:29<00:16, 16.20it/s]
 65%|██████▍   | 495/766 [00:29<00:17, 15.68it/s]
 65%|██████▍   | 497/766 [00:30<00:16, 15.96it/s]
 65%|██████▌   | 499/766 [00:30<00:15, 16.79it/s]
 65%|██████▌   | 501/766 [00:30<00:17, 15.38it/s]
 66%|██████▌   | 503/766 [00:30<00:16, 16.10it/s]
 66%|██████▌   | 505/766 [00:30<00:17, 15.35it/s]
 66%|██████▌   | 507/766 [00:30<00:15, 16.45it/s]
 66%|██████▋   | 509/766 [00:30<00:16, 15.38it/s]
 67%|██████▋   | 512/766 [00:30<00:14, 16.96it/s]
 67%|██████▋   | 514/766 [00:31<00:17, 14.73it/s]
 67%|██████▋   | 516/766 [00:31<00:17, 14.36it/s]
 68%|██████▊   | 518/766 [00:31<00:19, 12.95it/s]
 68%|██████▊   | 520/766 [00:31<00:18, 13.50it/s]
 68%|██████▊   | 522/766 [00:31<00:17, 14.27it/s]
 68%|██████▊   | 524/766 [00:31<00:17, 13.99it/s]
 69%|██████▊   | 526/766 [00:31<00:15, 15.09it/s]
 69%|██████▉   | 528/766 [00:32<00:16, 14.74it/s]
 69%|██████▉   | 530/766 [00:32<00:15, 15.58it/s]
 70%|██████▉   | 533/766 [00:32<00:14, 15.92it/s]
 70%|██████▉   | 535/766 [00:32<00:13, 16.76it/s]
 70%|███████   | 538/766 [00:32<00:13, 17.14it/s]
 70%|███████   | 540/766 [00:32<00:12, 17.78it/s]
 71%|███████   | 543/766 [00:32<00:11, 18.75it/s]
 71%|███████   | 545/766 [00:33<00:11, 18.44it/s]
 72%|███████▏  | 548/766 [00:33<00:11, 19.16it/s]
 72%|███████▏  | 550/766 [00:33<00:12, 17.89it/s]
 72%|███████▏  | 553/766 [00:33<00:11, 19.14it/s]
 73%|███████▎  | 556/766 [00:33<00:10, 19.95it/s]
 73%|███████▎  | 559/766 [00:33<00:10, 18.86it/s]
 73%|███████▎  | 562/766 [00:33<00:10, 19.57it/s]
 74%|███████▎  | 564/766 [00:33<00:10, 18.51it/s]
 74%|███████▍  | 566/766 [00:34<00:10, 18.89it/s]
 74%|███████▍  | 568/766 [00:34<00:11, 17.70it/s]
 75%|███████▍  | 571/766 [00:34<00:10, 18.92it/s]
 75%|███████▍  | 574/766 [00:34<00:10, 18.43it/s]
 75%|███████▌  | 576/766 [00:34<00:10, 18.72it/s]
 76%|███████▌  | 579/766 [00:34<00:09, 18.95it/s]
 76%|███████▌  | 582/766 [00:34<00:09, 19.83it/s]
 76%|███████▋  | 585/766 [00:35<00:09, 18.66it/s]
 77%|███████▋  | 587/766 [00:35<00:10, 17.38it/s]
 77%|███████▋  | 589/766 [00:35<00:11, 15.64it/s]
 77%|███████▋  | 592/766 [00:35<00:10, 16.99it/s]
 78%|███████▊  | 595/766 [00:35<00:08, 19.05it/s]
 78%|███████▊  | 598/766 [00:35<00:09, 18.11it/s]
 78%|███████▊  | 600/766 [00:35<00:09, 17.70it/s]
 79%|███████▊  | 602/766 [00:36<00:09, 16.50it/s]
 79%|███████▉  | 604/766 [00:36<00:09, 16.47it/s]
 79%|███████▉  | 606/766 [00:36<00:10, 15.22it/s]
 79%|███████▉  | 608/766 [00:36<00:09, 16.05it/s]
 80%|███████▉  | 610/766 [00:36<00:10, 14.66it/s]
 80%|███████▉  | 612/766 [00:36<00:10, 15.39it/s]
 80%|████████  | 614/766 [00:36<00:09, 15.23it/s]
 80%|████████  | 616/766 [00:36<00:09, 16.24it/s]
 81%|████████  | 619/766 [00:37<00:08, 16.35it/s]
 81%|████████  | 621/766 [00:37<00:08, 17.18it/s]
 81%|████████▏ | 624/766 [00:37<00:08, 17.31it/s]
 82%|████████▏ | 627/766 [00:37<00:07, 19.01it/s]
 82%|████████▏ | 630/766 [00:37<00:06, 20.07it/s]
 83%|████████▎ | 633/766 [00:37<00:06, 19.67it/s]
 83%|████████▎ | 636/766 [00:37<00:06, 20.75it/s]
 83%|████████▎ | 639/766 [00:38<00:06, 19.71it/s]
 84%|████████▍ | 642/766 [00:38<00:06, 19.64it/s]
 84%|████████▍ | 644/766 [00:38<00:06, 17.87it/s]
 84%|████████▍ | 646/766 [00:38<00:07, 17.08it/s]
 85%|████████▍ | 648/766 [00:38<00:06, 17.27it/s]
 85%|████████▍ | 650/766 [00:38<00:06, 17.28it/s]
 85%|████████▌ | 652/766 [00:38<00:06, 16.72it/s]
 85%|████████▌ | 654/766 [00:39<00:07, 14.44it/s]
 86%|████████▌ | 657/766 [00:39<00:06, 16.05it/s]
 86%|████████▌ | 659/766 [00:39<00:06, 16.04it/s]
 86%|████████▋ | 661/766 [00:39<00:06, 16.11it/s]
 87%|████████▋ | 663/766 [00:39<00:06, 16.37it/s]
 87%|████████▋ | 665/766 [00:39<00:06, 14.60it/s]
 87%|████████▋ | 667/766 [00:39<00:06, 15.00it/s]
 87%|████████▋ | 669/766 [00:40<00:06, 14.17it/s]
 88%|████████▊ | 671/766 [00:40<00:06, 15.35it/s]
 88%|████████▊ | 673/766 [00:40<00:05, 16.20it/s]
 88%|████████▊ | 675/766 [00:40<00:05, 15.77it/s]
 89%|████████▊ | 678/766 [00:40<00:05, 16.75it/s]
 89%|████████▉ | 680/766 [00:40<00:05, 15.07it/s]
 89%|████████▉ | 682/766 [00:40<00:05, 15.15it/s]
 89%|████████▉ | 684/766 [00:41<00:05, 13.71it/s]
 90%|████████▉ | 686/766 [00:41<00:05, 14.59it/s]
 90%|████████▉ | 688/766 [00:41<00:05, 13.47it/s]
 90%|█████████ | 690/766 [00:41<00:05, 14.30it/s]
 90%|█████████ | 692/766 [00:41<00:05, 13.96it/s]
 91%|█████████ | 694/766 [00:41<00:04, 15.19it/s]
 91%|█████████ | 696/766 [00:41<00:04, 14.66it/s]
 91%|█████████ | 698/766 [00:41<00:04, 15.78it/s]
 91%|█████████▏| 700/766 [00:42<00:04, 16.34it/s]
 92%|█████████▏| 702/766 [00:42<00:04, 14.89it/s]
 92%|█████████▏| 705/766 [00:42<00:03, 16.19it/s]
 92%|█████████▏| 707/766 [00:42<00:03, 16.57it/s]
 93%|█████████▎| 710/766 [00:42<00:03, 17.68it/s]
 93%|█████████▎| 712/766 [00:42<00:03, 16.73it/s]
 93%|█████████▎| 714/766 [00:42<00:03, 16.55it/s]
 93%|█████████▎| 716/766 [00:43<00:03, 13.73it/s]
 94%|█████████▎| 718/766 [00:43<00:03, 12.88it/s]
 94%|█████████▍| 720/766 [00:43<00:03, 13.19it/s]
 94%|█████████▍| 722/766 [00:43<00:03, 14.17it/s]
 95%|█████████▍| 724/766 [00:43<00:03, 13.52it/s]
 95%|█████████▍| 726/766 [00:43<00:02, 14.20it/s]
 95%|█████████▌| 728/766 [00:43<00:02, 14.94it/s]
 95%|█████████▌| 730/766 [00:44<00:02, 14.44it/s]
 96%|█████████▌| 732/766 [00:44<00:02, 15.62it/s]
 96%|█████████▌| 735/766 [00:44<00:01, 15.53it/s]
 96%|█████████▌| 737/766 [00:44<00:01, 16.18it/s]
 97%|█████████▋| 740/766 [00:44<00:01, 17.37it/s]
 97%|█████████▋| 742/766 [00:44<00:01, 17.11it/s]
 97%|█████████▋| 744/766 [00:44<00:01, 16.62it/s]
 97%|█████████▋| 746/766 [00:45<00:01, 15.59it/s]
 98%|█████████▊| 748/766 [00:45<00:01, 15.58it/s]
 98%|█████████▊| 750/766 [00:45<00:01, 15.46it/s]
 98%|█████████▊| 752/766 [00:45<00:00, 15.49it/s]
 99%|█████████▊| 755/766 [00:45<00:00, 16.90it/s]
 99%|█████████▉| 757/766 [00:45<00:00, 16.23it/s]
 99%|█████████▉| 760/766 [00:45<00:00, 17.54it/s]
 99%|█████████▉| 762/766 [00:45<00:00, 16.53it/s]
100%|█████████▉| 765/766 [00:46<00:00, 17.27it/s]
100%|██████████| 766/766 [00:46<00:00, 16.57it/s]

  0%|          | 0/766 [00:00<?, ?it/s]
  0%|          | 2/766 [00:00<00:51, 14.80it/s]
  1%|          | 4/766 [00:00<00:48, 15.85it/s]
  1%|          | 6/766 [00:00<00:47, 15.87it/s]
  1%|          | 9/766 [00:00<00:44, 17.11it/s]
  1%|▏         | 11/766 [00:00<00:45, 16.48it/s]
  2%|▏         | 13/766 [00:00<00:44, 16.75it/s]
  2%|▏         | 15/766 [00:00<00:48, 15.45it/s]
  2%|▏         | 17/766 [00:01<00:45, 16.29it/s]
  3%|▎         | 20/766 [00:01<00:43, 17.19it/s]
  3%|▎         | 22/766 [00:01<00:45, 16.18it/s]
  3%|▎         | 24/766 [00:01<00:45, 16.21it/s]
  3%|▎         | 26/766 [00:01<00:47, 15.54it/s]
  4%|▍         | 29/766 [00:01<00:43, 16.97it/s]
  4%|▍         | 31/766 [00:01<00:44, 16.34it/s]
  4%|▍         | 34/766 [00:01<00:42, 17.40it/s]
  5%|▍         | 36/766 [00:02<00:43, 16.71it/s]
  5%|▍         | 38/766 [00:02<00:41, 17.51it/s]
  5%|▌         | 40/766 [00:02<00:43, 16.54it/s]
  5%|▌         | 42/766 [00:02<00:42, 17.22it/s]
  6%|▌         | 45/766 [00:02<00:40, 17.94it/s]
  6%|▌         | 47/766 [00:02<00:43, 16.41it/s]
  6%|▋         | 49/766 [00:02<00:41, 17.15it/s]
  7%|▋         | 52/766 [00:03<00:39, 18.10it/s]
  7%|▋         | 55/766 [00:03<00:37, 18.72it/s]
  7%|▋         | 57/766 [00:03<00:43, 16.43it/s]
  8%|▊         | 59/766 [00:03<00:41, 16.90it/s]
  8%|▊         | 61/766 [00:03<00:42, 16.55it/s]
  8%|▊         | 63/766 [00:03<00:43, 16.00it/s]
  8%|▊         | 65/766 [00:03<00:48, 14.50it/s]
  9%|▊         | 67/766 [00:03<00:46, 15.17it/s]
  9%|▉         | 69/766 [00:04<00:48, 14.51it/s]
  9%|▉         | 71/766 [00:04<00:46, 14.94it/s]
 10%|▉         | 73/766 [00:04<00:44, 15.50it/s]
 10%|▉         | 75/766 [00:04<00:45, 15.23it/s]
 10%|█         | 77/766 [00:04<00:42, 16.39it/s]
 10%|█         | 79/766 [00:04<00:44, 15.32it/s]
 11%|█         | 81/766 [00:04<00:42, 16.20it/s]
 11%|█         | 84/766 [00:05<00:41, 16.48it/s]
 11%|█         | 86/766 [00:05<00:40, 16.84it/s]
 12%|█▏        | 89/766 [00:05<00:38, 17.60it/s]
 12%|█▏        | 91/766 [00:05<00:44, 15.34it/s]
 12%|█▏        | 93/766 [00:05<00:43, 15.30it/s]
 12%|█▏        | 95/766 [00:05<00:44, 15.00it/s]
 13%|█▎        | 97/766 [00:05<00:42, 15.86it/s]
 13%|█▎        | 99/766 [00:05<00:40, 16.47it/s]
 13%|█▎        | 101/766 [00:06<00:44, 15.08it/s]
 13%|█▎        | 103/766 [00:06<00:41, 15.81it/s]
 14%|█▎        | 105/766 [00:06<00:40, 16.52it/s]
 14%|█▍        | 107/766 [00:06<00:40, 16.09it/s]
 14%|█▍        | 110/766 [00:06<00:39, 16.62it/s]
 15%|█▍        | 112/766 [00:06<00:44, 14.81it/s]
 15%|█▍        | 114/766 [00:06<00:43, 15.03it/s]
 15%|█▌        | 116/766 [00:07<00:51, 12.74it/s]
 15%|█▌        | 118/766 [00:07<00:52, 12.46it/s]
 16%|█▌        | 120/766 [00:07<00:47, 13.71it/s]
 16%|█▌        | 122/766 [00:07<00:45, 14.14it/s]
 16%|█▌        | 124/766 [00:07<00:45, 14.22it/s]
 16%|█▋        | 126/766 [00:07<00:45, 14.17it/s]
 17%|█▋        | 128/766 [00:07<00:44, 14.32it/s]
 17%|█▋        | 130/766 [00:08<00:48, 13.10it/s]
 17%|█▋        | 132/766 [00:08<00:45, 13.94it/s]
 17%|█▋        | 134/766 [00:08<00:46, 13.50it/s]
 18%|█▊        | 136/766 [00:08<00:44, 14.03it/s]
 18%|█▊        | 138/766 [00:08<00:45, 13.87it/s]
 18%|█▊        | 140/766 [00:08<00:42, 14.83it/s]
 19%|█▊        | 143/766 [00:09<00:40, 15.39it/s]
 19%|█▉        | 145/766 [00:09<00:38, 16.28it/s]
 19%|█▉        | 147/766 [00:09<00:40, 15.42it/s]
 19%|█▉        | 149/766 [00:09<00:39, 15.58it/s]
 20%|█▉        | 152/766 [00:09<00:35, 17.29it/s]
 20%|██        | 154/766 [00:09<00:37, 16.39it/s]
 20%|██        | 156/766 [00:09<00:37, 16.45it/s]
 21%|██        | 159/766 [00:09<00:37, 16.29it/s]
 21%|██        | 162/766 [00:10<00:35, 16.82it/s]
 21%|██▏       | 164/766 [00:10<00:38, 15.53it/s]
 22%|██▏       | 166/766 [00:10<00:37, 15.82it/s]
 22%|██▏       | 169/766 [00:10<00:35, 16.91it/s]
 22%|██▏       | 171/766 [00:10<00:37, 15.76it/s]
 23%|██▎       | 173/766 [00:10<00:35, 16.78it/s]
 23%|██▎       | 175/766 [00:10<00:35, 16.61it/s]
 23%|██▎       | 177/766 [00:11<00:39, 15.08it/s]
 23%|██▎       | 179/766 [00:11<00:37, 15.61it/s]
 24%|██▎       | 181/766 [00:11<00:40, 14.54it/s]
 24%|██▍       | 183/766 [00:11<00:41, 14.00it/s]
 24%|██▍       | 185/766 [00:11<00:37, 15.30it/s]
 24%|██▍       | 187/766 [00:11<00:38, 14.93it/s]
 25%|██▍       | 189/766 [00:11<00:38, 14.92it/s]
 25%|██▍       | 191/766 [00:12<00:39, 14.53it/s]
 25%|██▌       | 193/766 [00:12<00:37, 15.24it/s]
 25%|██▌       | 195/766 [00:12<00:35, 16.15it/s]
 26%|██▌       | 197/766 [00:12<00:35, 15.98it/s]
 26%|██▌       | 199/766 [00:12<00:37, 15.11it/s]
 26%|██▌       | 201/766 [00:12<00:36, 15.52it/s]
 27%|██▋       | 203/766 [00:12<00:34, 16.46it/s]
 27%|██▋       | 205/766 [00:12<00:40, 13.69it/s]
 27%|██▋       | 207/766 [00:13<00:39, 14.10it/s]
 27%|██▋       | 209/766 [00:13<00:40, 13.87it/s]
 28%|██▊       | 211/766 [00:13<00:39, 14.08it/s]
 28%|██▊       | 213/766 [00:13<00:41, 13.43it/s]
 28%|██▊       | 215/766 [00:13<00:40, 13.67it/s]
 28%|██▊       | 217/766 [00:13<00:39, 14.01it/s]
 29%|██▊       | 219/766 [00:13<00:38, 14.31it/s]
 29%|██▉       | 221/766 [00:14<00:39, 13.85it/s]
 29%|██▉       | 223/766 [00:14<00:37, 14.63it/s]
 29%|██▉       | 225/766 [00:14<00:36, 14.66it/s]
 30%|██▉       | 227/766 [00:14<00:38, 14.17it/s]
 30%|██▉       | 229/766 [00:14<00:36, 14.64it/s]
 30%|███       | 231/766 [00:14<00:37, 14.31it/s]
 30%|███       | 233/766 [00:14<00:36, 14.49it/s]
 31%|███       | 235/766 [00:15<00:37, 14.11it/s]
 31%|███       | 237/766 [00:15<00:38, 13.85it/s]
 31%|███       | 239/766 [00:15<00:37, 14.23it/s]
 31%|███▏      | 241/766 [00:15<00:37, 13.90it/s]
 32%|███▏      | 243/766 [00:15<00:37, 14.07it/s]
 32%|███▏      | 245/766 [00:15<00:36, 14.35it/s]
 32%|███▏      | 248/766 [00:15<00:34, 15.20it/s]
 33%|███▎      | 250/766 [00:16<00:33, 15.52it/s]
 33%|███▎      | 252/766 [00:16<00:31, 16.08it/s]
 33%|███▎      | 254/766 [00:16<00:31, 16.44it/s]
 33%|███▎      | 256/766 [00:16<00:31, 16.07it/s]
 34%|███▎      | 258/766 [00:16<00:32, 15.74it/s]
 34%|███▍      | 260/766 [00:16<00:30, 16.50it/s]
 34%|███▍      | 262/766 [00:16<00:29, 17.18it/s]
 34%|███▍      | 264/766 [00:16<00:28, 17.74it/s]
 35%|███▍      | 266/766 [00:17<00:30, 16.67it/s]
 35%|███▍      | 268/766 [00:17<00:29, 16.97it/s]
 35%|███▌      | 270/766 [00:17<00:29, 16.61it/s]
 36%|███▌      | 272/766 [00:17<00:29, 16.74it/s]
 36%|███▌      | 274/766 [00:17<00:28, 17.48it/s]
 36%|███▌      | 276/766 [00:17<00:28, 17.20it/s]
 36%|███▋      | 278/766 [00:17<00:29, 16.72it/s]
 37%|███▋      | 280/766 [00:17<00:30, 15.92it/s]
 37%|███▋      | 282/766 [00:17<00:29, 16.29it/s]
 37%|███▋      | 284/766 [00:18<00:28, 17.11it/s]
 37%|███▋      | 286/766 [00:18<00:27, 17.28it/s]
 38%|███▊      | 288/766 [00:18<00:29, 16.10it/s]
 38%|███▊      | 290/766 [00:18<00:29, 16.29it/s]
 38%|███▊      | 292/766 [00:18<00:30, 15.45it/s]
 38%|███▊      | 294/766 [00:18<00:29, 16.19it/s]
 39%|███▊      | 296/766 [00:18<00:27, 17.06it/s]
 39%|███▉      | 299/766 [00:18<00:26, 17.49it/s]
 39%|███▉      | 301/766 [00:19<00:26, 17.40it/s]
 40%|███▉      | 303/766 [00:19<00:27, 16.54it/s]
 40%|███▉      | 305/766 [00:19<00:27, 16.92it/s]
 40%|████      | 307/766 [00:19<00:27, 16.83it/s]
 40%|████      | 309/766 [00:19<00:27, 16.90it/s]
 41%|████      | 311/766 [00:19<00:28, 15.89it/s]
 41%|████      | 313/766 [00:19<00:28, 15.95it/s]
 41%|████      | 315/766 [00:19<00:26, 16.95it/s]
 41%|████▏     | 317/766 [00:20<00:26, 16.67it/s]
 42%|████▏     | 319/766 [00:20<00:26, 16.94it/s]
 42%|████▏     | 321/766 [00:20<00:28, 15.65it/s]
 42%|████▏     | 324/766 [00:20<00:27, 16.33it/s]
 43%|████▎     | 326/766 [00:20<00:27, 15.90it/s]
 43%|████▎     | 328/766 [00:20<00:25, 16.94it/s]
 43%|████▎     | 330/766 [00:20<00:27, 15.60it/s]
 43%|████▎     | 332/766 [00:21<00:27, 15.88it/s]
 44%|████▎     | 334/766 [00:21<00:28, 15.38it/s]
 44%|████▍     | 336/766 [00:21<00:29, 14.79it/s]
 44%|████▍     | 338/766 [00:21<00:32, 13.04it/s]
 44%|████▍     | 340/766 [00:21<00:31, 13.60it/s]
 45%|████▍     | 342/766 [00:21<00:29, 14.29it/s]
 45%|████▍     | 344/766 [00:21<00:27, 15.60it/s]
 45%|████▌     | 346/766 [00:22<00:29, 14.27it/s]
 45%|████▌     | 348/766 [00:22<00:28, 14.51it/s]
 46%|████▌     | 350/766 [00:22<00:26, 15.70it/s]
 46%|████▌     | 352/766 [00:22<00:26, 15.83it/s]
 46%|████▋     | 355/766 [00:22<00:24, 16.78it/s]
 47%|████▋     | 357/766 [00:22<00:26, 15.64it/s]
 47%|████▋     | 359/766 [00:22<00:24, 16.30it/s]
 47%|████▋     | 361/766 [00:22<00:24, 16.36it/s]
 47%|████▋     | 363/766 [00:23<00:23, 17.04it/s]
 48%|████▊     | 365/766 [00:23<00:25, 15.81it/s]
 48%|████▊     | 367/766 [00:23<00:23, 16.85it/s]
 48%|████▊     | 370/766 [00:23<00:23, 17.20it/s]
 49%|████▊     | 372/766 [00:23<00:22, 17.55it/s]
 49%|████▉     | 374/766 [00:23<00:21, 17.94it/s]
 49%|████▉     | 376/766 [00:23<00:24, 16.21it/s]
 49%|████▉     | 378/766 [00:23<00:23, 16.48it/s]
 50%|████▉     | 380/766 [00:24<00:25, 14.97it/s]
 50%|████▉     | 382/766 [00:24<00:25, 15.26it/s]
 50%|█████     | 384/766 [00:24<00:27, 13.68it/s]
 50%|█████     | 386/766 [00:24<00:27, 13.72it/s]
 51%|█████     | 388/766 [00:24<00:25, 14.81it/s]
 51%|█████     | 390/766 [00:24<00:27, 13.75it/s]
 51%|█████     | 392/766 [00:24<00:26, 14.24it/s]
 51%|█████▏    | 394/766 [00:25<00:26, 14.09it/s]
 52%|█████▏    | 396/766 [00:25<00:24, 14.82it/s]
 52%|█████▏    | 398/766 [00:25<00:25, 14.30it/s]
 52%|█████▏    | 400/766 [00:25<00:25, 14.41it/s]
 52%|█████▏    | 402/766 [00:25<00:24, 15.14it/s]
 53%|█████▎    | 404/766 [00:25<00:26, 13.58it/s]
 53%|█████▎    | 406/766 [00:25<00:28, 12.45it/s]
 53%|█████▎    | 408/766 [00:26<00:27, 13.15it/s]
 54%|█████▎    | 410/766 [00:26<00:27, 12.89it/s]
 54%|█████▍    | 412/766 [00:26<00:26, 13.46it/s]
 54%|█████▍    | 414/766 [00:26<00:24, 14.49it/s]
 54%|█████▍    | 416/766 [00:26<00:25, 13.80it/s]
 55%|█████▍    | 418/766 [00:26<00:23, 14.72it/s]
 55%|█████▍    | 420/766 [00:26<00:23, 14.57it/s]
 55%|█████▌    | 422/766 [00:27<00:21, 15.73it/s]
 55%|█████▌    | 424/766 [00:27<00:20, 16.75it/s]
 56%|█████▌    | 426/766 [00:27<00:21, 15.89it/s]
 56%|█████▌    | 429/766 [00:27<00:19, 17.17it/s]
 56%|█████▋    | 431/766 [00:27<00:20, 16.69it/s]
 57%|█████▋    | 433/766 [00:27<00:20, 16.40it/s]
 57%|█████▋    | 436/766 [00:27<00:19, 16.51it/s]
 57%|█████▋    | 439/766 [00:28<00:18, 17.47it/s]
 58%|█████▊    | 441/766 [00:28<00:19, 17.08it/s]
 58%|█████▊    | 444/766 [00:28<00:17, 17.96it/s]
 58%|█████▊    | 447/766 [00:28<00:16, 19.19it/s]
 59%|█████▊    | 449/766 [00:28<00:17, 17.88it/s]
 59%|█████▉    | 452/766 [00:28<00:16, 19.32it/s]
 59%|█████▉    | 454/766 [00:28<00:16, 18.69it/s]
 60%|█████▉    | 457/766 [00:28<00:15, 19.32it/s]
 60%|██████    | 460/766 [00:29<00:16, 18.53it/s]
 60%|██████    | 463/766 [00:29<00:15, 19.55it/s]
 61%|██████    | 466/766 [00:29<00:15, 19.62it/s]
 61%|██████    | 468/766 [00:29<00:17, 17.16it/s]
 61%|██████▏   | 470/766 [00:29<00:17, 17.27it/s]
 62%|██████▏   | 472/766 [00:29<00:17, 17.16it/s]
 62%|██████▏   | 475/766 [00:29<00:15, 18.32it/s]
 62%|██████▏   | 478/766 [00:30<00:15, 18.34it/s]
 63%|██████▎   | 481/766 [00:30<00:14, 19.46it/s]
 63%|██████▎   | 484/766 [00:30<00:14, 18.99it/s]
 64%|██████▎   | 487/766 [00:30<00:14, 19.75it/s]
 64%|██████▍   | 490/766 [00:30<00:14, 19.69it/s]
 64%|██████▍   | 492/766 [00:30<00:15, 17.21it/s]
 64%|██████▍   | 494/766 [00:30<00:16, 16.81it/s]
 65%|██████▍   | 497/766 [00:31<00:15, 17.57it/s]
 65%|██████▌   | 499/766 [00:31<00:15, 16.71it/s]
 66%|██████▌   | 502/766 [00:31<00:14, 17.89it/s]
 66%|██████▌   | 504/766 [00:31<00:15, 17.04it/s]
 66%|██████▌   | 507/766 [00:31<00:14, 18.19it/s]
 67%|██████▋   | 510/766 [00:31<00:13, 18.34it/s]
 67%|██████▋   | 512/766 [00:31<00:13, 18.76it/s]
 67%|██████▋   | 514/766 [00:31<00:13, 18.70it/s]
 67%|██████▋   | 516/766 [00:32<00:14, 17.35it/s]
 68%|██████▊   | 519/766 [00:32<00:13, 18.28it/s]
 68%|██████▊   | 521/766 [00:32<00:14, 16.89it/s]
 68%|██████▊   | 524/766 [00:32<00:13, 17.96it/s]
 69%|██████▊   | 526/766 [00:32<00:14, 16.99it/s]
 69%|██████▉   | 529/766 [00:32<00:13, 17.41it/s]
 69%|██████▉   | 531/766 [00:32<00:13, 17.14it/s]
 70%|██████▉   | 534/766 [00:33<00:13, 17.71it/s]
 70%|███████   | 537/766 [00:33<00:13, 17.54it/s]
 70%|███████   | 539/766 [00:33<00:12, 18.06it/s]
 71%|███████   | 542/766 [00:33<00:12, 17.50it/s]
 71%|███████   | 545/766 [00:33<00:11, 19.09it/s]
 72%|███████▏  | 548/766 [00:33<00:10, 21.05it/s]
 72%|███████▏  | 551/766 [00:33<00:10, 20.82it/s]
 72%|███████▏  | 554/766 [00:34<00:10, 19.82it/s]
 73%|███████▎  | 557/766 [00:34<00:11, 18.23it/s]
 73%|███████▎  | 560/766 [00:34<00:10, 19.58it/s]
 73%|███████▎  | 563/766 [00:34<00:10, 19.05it/s]
 74%|███████▍  | 566/766 [00:34<00:09, 20.18it/s]
 74%|███████▍  | 569/766 [00:34<00:10, 18.76it/s]
 75%|███████▍  | 572/766 [00:35<00:09, 19.72it/s]
 75%|███████▌  | 575/766 [00:35<00:10, 18.79it/s]
 75%|███████▌  | 578/766 [00:35<00:09, 19.96it/s]
 76%|███████▌  | 581/766 [00:35<00:09, 19.38it/s]
 76%|███████▌  | 583/766 [00:35<00:09, 18.45it/s]
 76%|███████▋  | 585/766 [00:35<00:11, 16.40it/s]
 77%|███████▋  | 588/766 [00:35<00:09, 18.49it/s]
 77%|███████▋  | 590/766 [00:36<00:09, 18.03it/s]
 77%|███████▋  | 593/766 [00:36<00:09, 18.91it/s]
 78%|███████▊  | 595/766 [00:36<00:09, 18.16it/s]
 78%|███████▊  | 597/766 [00:36<00:09, 16.90it/s]
 78%|███████▊  | 600/766 [00:36<00:09, 17.92it/s]
 79%|███████▊  | 602/766 [00:36<00:09, 17.59it/s]
 79%|███████▉  | 605/766 [00:36<00:09, 17.19it/s]
 79%|███████▉  | 608/766 [00:37<00:08, 18.61it/s]
 80%|███████▉  | 611/766 [00:37<00:08, 18.09it/s]
 80%|████████  | 614/766 [00:37<00:08, 18.65it/s]
 80%|████████  | 616/766 [00:37<00:08, 17.19it/s]
 81%|████████  | 619/766 [00:37<00:08, 18.09it/s]
 81%|████████  | 621/766 [00:37<00:07, 18.56it/s]
 81%|████████▏ | 623/766 [00:37<00:08, 16.79it/s]
 82%|████████▏ | 626/766 [00:38<00:07, 18.02it/s]
 82%|████████▏ | 628/766 [00:38<00:08, 16.56it/s]
 82%|████████▏ | 630/766 [00:38<00:07, 17.43it/s]
 83%|████████▎ | 633/766 [00:38<00:07, 17.34it/s]
 83%|████████▎ | 635/766 [00:38<00:07, 17.76it/s]
 83%|████████▎ | 638/766 [00:38<00:06, 18.85it/s]
 84%|████████▎ | 640/766 [00:38<00:07, 16.49it/s]
 84%|████████▍ | 642/766 [00:38<00:07, 17.27it/s]
 84%|████████▍ | 645/766 [00:39<00:06, 18.33it/s]
 84%|████████▍ | 647/766 [00:39<00:07, 16.84it/s]
 85%|████████▍ | 649/766 [00:39<00:06, 17.12it/s]
 85%|████████▍ | 651/766 [00:39<00:07, 15.77it/s]
 85%|████████▌ | 653/766 [00:39<00:06, 16.15it/s]
 86%|████████▌ | 655/766 [00:39<00:06, 16.08it/s]
 86%|████████▌ | 657/766 [00:39<00:07, 14.15it/s]
 86%|████████▌ | 659/766 [00:40<00:07, 15.12it/s]
 86%|████████▋ | 662/766 [00:40<00:06, 16.28it/s]
 87%|████████▋ | 664/766 [00:40<00:06, 15.32it/s]
 87%|████████▋ | 666/766 [00:40<00:06, 16.47it/s]
 87%|████████▋ | 669/766 [00:40<00:05, 18.20it/s]
 88%|████████▊ | 671/766 [00:40<00:05, 17.66it/s]
 88%|████████▊ | 673/766 [00:40<00:05, 17.52it/s]
 88%|████████▊ | 676/766 [00:40<00:04, 19.02it/s]
 89%|████████▊ | 678/766 [00:41<00:05, 17.19it/s]
 89%|████████▉ | 680/766 [00:41<00:04, 17.78it/s]
 89%|████████▉ | 682/766 [00:41<00:05, 16.36it/s]
 89%|████████▉ | 684/766 [00:41<00:04, 16.71it/s]
 90%|████████▉ | 686/766 [00:41<00:04, 17.05it/s]
 90%|████████▉ | 688/766 [00:41<00:04, 16.43it/s]
 90%|█████████ | 691/766 [00:41<00:04, 17.91it/s]
 90%|█████████ | 693/766 [00:41<00:04, 16.99it/s]
 91%|█████████ | 696/766 [00:42<00:03, 18.14it/s]
 91%|█████████▏| 699/766 [00:42<00:03, 18.18it/s]
 92%|█████████▏| 701/766 [00:42<00:03, 18.50it/s]
 92%|█████████▏| 704/766 [00:42<00:03, 19.44it/s]
 92%|█████████▏| 707/766 [00:42<00:03, 17.93it/s]
 93%|█████████▎| 709/766 [00:42<00:03, 17.98it/s]
 93%|█████████▎| 711/766 [00:42<00:02, 18.48it/s]
 93%|█████████▎| 713/766 [00:43<00:03, 16.68it/s]
 93%|█████████▎| 716/766 [00:43<00:02, 17.82it/s]
 94%|█████████▍| 719/766 [00:43<00:02, 18.93it/s]
 94%|█████████▍| 721/766 [00:43<00:02, 17.03it/s]
 95%|█████████▍| 724/766 [00:43<00:02, 18.33it/s]
 95%|█████████▍| 726/766 [00:43<00:02, 18.33it/s]
 95%|█████████▌| 729/766 [00:43<00:01, 19.20it/s]
 95%|█████████▌| 731/766 [00:43<00:01, 17.56it/s]
 96%|█████████▌| 733/766 [00:44<00:01, 18.00it/s]
 96%|█████████▌| 735/766 [00:44<00:01, 18.08it/s]
 96%|█████████▌| 737/766 [00:44<00:01, 17.45it/s]
 96%|█████████▋| 739/766 [00:44<00:01, 17.40it/s]
 97%|█████████▋| 742/766 [00:44<00:01, 16.84it/s]
 97%|█████████▋| 744/766 [00:44<00:01, 15.99it/s]
 98%|█████████▊| 747/766 [00:44<00:01, 17.12it/s]
 98%|█████████▊| 749/766 [00:45<00:01, 15.33it/s]
 98%|█████████▊| 751/766 [00:45<00:01, 14.28it/s]
 98%|█████████▊| 753/766 [00:45<00:00, 14.76it/s]
 99%|█████████▊| 755/766 [00:45<00:00, 14.28it/s]
 99%|█████████▉| 757/766 [00:45<00:00, 15.14it/s]
 99%|█████████▉| 760/766 [00:45<00:00, 16.51it/s]
 99%|█████████▉| 762/766 [00:45<00:00, 15.67it/s]
100%|█████████▉| 765/766 [00:46<00:00, 17.02it/s]
100%|██████████| 766/766 [00:46<00:00, 16.61it/s]2020-10-20 02:36:37.405014: I tensorflow/core/common_runtime/gpu/gpu_device.cc:1640] Found device 0 with properties: 
name: Tesla V100-PCIE-16GB major: 7 minor: 0 memoryClockRate(GHz): 1.38
pciBusID: 0000:3b:00.0
2020-10-20 02:36:37.405104: I tensorflow/stream_executor/platform/default/dso_loader.cc:42] Successfully opened dynamic library libcudart.so.10.1
2020-10-20 02:36:37.405124: I tensorflow/stream_executor/platform/default/dso_loader.cc:42] Successfully opened dynamic library libcublas.so.10
2020-10-20 02:36:37.405147: I tensorflow/stream_executor/platform/default/dso_loader.cc:42] Successfully opened dynamic library libcufft.so.10
2020-10-20 02:36:37.405163: I tensorflow/stream_executor/platform/default/dso_loader.cc:42] Successfully opened dynamic library libcurand.so.10
2020-10-20 02:36:37.405179: I tensorflow/stream_executor/platform/default/dso_loader.cc:42] Successfully opened dynamic library libcusolver.so.10
2020-10-20 02:36:37.405195: I tensorflow/stream_executor/platform/default/dso_loader.cc:42] Successfully opened dynamic library libcusparse.so.10
2020-10-20 02:36:37.405210: I tensorflow/stream_executor/platform/default/dso_loader.cc:42] Successfully opened dynamic library libcudnn.so.7
2020-10-20 02:36:37.406230: I tensorflow/core/common_runtime/gpu/gpu_device.cc:1763] Adding visible gpu devices: 0
2020-10-20 02:36:37.406275: I tensorflow/core/common_runtime/gpu/gpu_device.cc:1181] Device interconnect StreamExecutor with strength 1 edge matrix:
2020-10-20 02:36:37.406284: I tensorflow/core/common_runtime/gpu/gpu_device.cc:1187]      0 
2020-10-20 02:36:37.406291: I tensorflow/core/common_runtime/gpu/gpu_device.cc:1200] 0:   N 
2020-10-20 02:36:37.407345: I tensorflow/core/common_runtime/gpu/gpu_device.cc:1326] Created TensorFlow device (/job:localhost/replica:0/task:0/device:GPU:0 with 10708 MB memory) -> physical GPU (device: 0, name: Tesla V100-PCIE-16GB, pci bus id: 0000:3b:00.0, compute capability: 7.0)
2020-10-20 02:36:40.499138: I tensorflow/core/common_runtime/gpu/gpu_device.cc:1640] Found device 0 with properties: 
name: Tesla V100-PCIE-16GB major: 7 minor: 0 memoryClockRate(GHz): 1.38
pciBusID: 0000:3b:00.0
2020-10-20 02:36:40.499223: I tensorflow/stream_executor/platform/default/dso_loader.cc:42] Successfully opened dynamic library libcudart.so.10.1
2020-10-20 02:36:40.499238: I tensorflow/stream_executor/platform/default/dso_loader.cc:42] Successfully opened dynamic library libcublas.so.10
2020-10-20 02:36:40.499250: I tensorflow/stream_executor/platform/default/dso_loader.cc:42] Successfully opened dynamic library libcufft.so.10
2020-10-20 02:36:40.499262: I tensorflow/stream_executor/platform/default/dso_loader.cc:42] Successfully opened dynamic library libcurand.so.10
2020-10-20 02:36:40.499274: I tensorflow/stream_executor/platform/default/dso_loader.cc:42] Successfully opened dynamic library libcusolver.so.10
2020-10-20 02:36:40.499286: I tensorflow/stream_executor/platform/default/dso_loader.cc:42] Successfully opened dynamic library libcusparse.so.10
2020-10-20 02:36:40.499298: I tensorflow/stream_executor/platform/default/dso_loader.cc:42] Successfully opened dynamic library libcudnn.so.7
2020-10-20 02:36:40.500364: I tensorflow/core/common_runtime/gpu/gpu_device.cc:1763] Adding visible gpu devices: 0
2020-10-20 02:36:40.500396: I tensorflow/core/common_runtime/gpu/gpu_device.cc:1181] Device interconnect StreamExecutor with strength 1 edge matrix:
2020-10-20 02:36:40.500404: I tensorflow/core/common_runtime/gpu/gpu_device.cc:1187]      0 
2020-10-20 02:36:40.500412: I tensorflow/core/common_runtime/gpu/gpu_device.cc:1200] 0:   N 
2020-10-20 02:36:40.501519: I tensorflow/core/common_runtime/gpu/gpu_device.cc:1326] Created TensorFlow device (/job:localhost/replica:0/task:0/device:GPU:0 with 10708 MB memory) -> physical GPU (device: 0, name: Tesla V100-PCIE-16GB, pci bus id: 0000:3b:00.0, compute capability: 7.0)
all_acc: 0.8505, f1: 0.8495, sig_acc: 0.9617, best sig_acc: 0.9653

load best model weights ...
val
valid evluation: all_acc,f1,sig_acc (0.885335073977502, 0.8868457043393069, 0.9653431953066478)
test
test evluation: all_acc,f1,sig_acc (0.8444299390775891, 0.8408181026981282, 0.9509813802884124)
0.8444 0.8408 0.9510